# JRE version: OpenJDK Runtime Environment (8.0_432-b06) (build 1.8.0_432-b06)
# Java VM: OpenJDK 64-Bit Server VM (25.432-b06 mixed mode windows-amd64 compressed oops)
Heap:
 PSYoungGen      total 75776K, used 33494K [0x00000000e0000000, 0x00000000e8400000, 0x0000000100000000)
  eden space 65024K, 39% used [0x00000000e0000000,0x00000000e18fd718,0x00000000e3f80000)
  from space 10752K, 73% used [0x00000000e3f80000,0x00000000e4738420,0x00000000e4a00000)
  to   space 11776K, 0% used [0x00000000e7880000,0x00000000e7880000,0x00000000e8400000)
 ParOldGen       total 89600K, used 7152K [0x00000000a0000000, 0x00000000a5780000, 0x00000000e0000000)
  object space 89600K, 7% used [0x00000000a0000000,0x00000000a06fc0c8,0x00000000a5780000)
 Metaspace       used 30654K, capacity 31554K, committed 31872K, reserved 1077248K
  class space    used 4227K, capacity 4432K, committed 4480K, reserved 1048576K
GC Heap History (10 events):
Event: 3.569 GC heap before
{Heap before GC invocations=2 (full 0):
 PSYoungGen      total 75776K, used 70929K [0x00000000e0000000, 0x00000000e5480000, 0x0000000100000000)
  eden space 65024K, 100% used [0x00000000e0000000,0x00000000e3f80000,0x00000000e3f80000)
  from space 10752K, 54% used [0x00000000e3f80000,0x00000000e4544410,0x00000000e4a00000)
  to   space 10752K, 0% used [0x00000000e4a00000,0x00000000e4a00000,0x00000000e5480000)
 ParOldGen       total 173568K, used 16K [0x00000000a0000000, 0x00000000aa980000, 0x00000000e0000000)
  object space 173568K, 0% used [0x00000000a0000000,0x00000000a0004000,0x00000000aa980000)
 Metaspace       used 14341K, capacity 14812K, committed 14976K, reserved 1062912K
  class space    used 2015K, capacity 2146K, committed 2176K, reserved 1048576K
Event: 3.577 GC heap after
Heap after GC invocations=2 (full 0):
 PSYoungGen      total 75776K, used 9054K [0x00000000e0000000, 0x00000000e5480000, 0x0000000100000000)
  eden space 65024K, 0% used [0x00000000e0000000,0x00000000e0000000,0x00000000e3f80000)
  from space 10752K, 84% used [0x00000000e4a00000,0x00000000e52d7a28,0x00000000e5480000)
  to   space 10752K, 0% used [0x00000000e3f80000,0x00000000e3f80000,0x00000000e4a00000)
 ParOldGen       total 173568K, used 24K [0x00000000a0000000, 0x00000000aa980000, 0x00000000e0000000)
  object space 173568K, 0% used [0x00000000a0000000,0x00000000a0006000,0x00000000aa980000)
 Metaspace       used 14341K, capacity 14812K, committed 14976K, reserved 1062912K
  class space    used 2015K, capacity 2146K, committed 2176K, reserved 1048576K
}
Event: 4.295 GC heap before
{Heap before GC invocations=3 (full 0):
 PSYoungGen      total 75776K, used 74078K [0x00000000e0000000, 0x00000000e5480000, 0x0000000100000000)
  eden space 65024K, 100% used [0x00000000e0000000,0x00000000e3f80000,0x00000000e3f80000)
  from space 10752K, 84% used [0x00000000e4a00000,0x00000000e52d7a28,0x00000000e5480000)
  to   space 10752K, 0% used [0x00000000e3f80000,0x00000000e3f80000,0x00000000e4a00000)
 ParOldGen       total 173568K, used 24K [0x00000000a0000000, 0x00000000aa980000, 0x00000000e0000000)
  object space 173568K, 0% used [0x00000000a0000000,0x00000000a0006000,0x00000000aa980000)
 Metaspace       used 20011K, capacity 20654K, committed 20736K, reserved 1067008K
  class space    used 2839K, capacity 3037K, committed 3072K, reserved 1048576K
Event: 4.305 GC heap after
Heap after GC invocations=3 (full 0):
 PSYoungGen      total 75776K, used 10720K [0x00000000e0000000, 0x00000000e5480000, 0x0000000100000000)
  eden space 65024K, 0% used [0x00000000e0000000,0x00000000e0000000,0x00000000e3f80000)
  from space 10752K, 99% used [0x00000000e3f80000,0x00000000e49f8108,0x00000000e4a00000)
  to   space 10752K, 0% used [0x00000000e4a00000,0x00000000e4a00000,0x00000000e5480000)
 ParOldGen       total 173568K, used 769K [0x00000000a0000000, 0x00000000aa980000, 0x00000000e0000000)
  object space 173568K, 0% used [0x00000000a0000000,0x00000000a00c0570,0x00000000aa980000)
 Metaspace       used 20011K, capacity 20654K, committed 20736K, reserved 1067008K
  class space    used 2839K, capacity 3037K, committed 3072K, reserved 1048576K
}
Event: 4.375 GC heap before
{Heap before GC invocations=4 (full 0):
 PSYoungGen      total 75776K, used 18212K [0x00000000e0000000, 0x00000000e5480000, 0x0000000100000000)
  eden space 65024K, 11% used [0x00000000e0000000,0x00000000e07511b8,0x00000000e3f80000)
  from space 10752K, 99% used [0x00000000e3f80000,0x00000000e49f8108,0x00000000e4a00000)
  to   space 10752K, 0% used [0x00000000e4a00000,0x00000000e4a00000,0x00000000e5480000)
 ParOldGen       total 173568K, used 769K [0x00000000a0000000, 0x00000000aa980000, 0x00000000e0000000)
  object space 173568K, 0% used [0x00000000a0000000,0x00000000a00c0570,0x00000000aa980000)
 Metaspace       used 20527K, capacity 21192K, committed 21296K, reserved 1067008K
  class space    used 2926K, capacity 3108K, committed 3200K, reserved 1048576K
Event: 4.380 GC heap after
Heap after GC invocations=4 (full 0):
 PSYoungGen      total 75776K, used 7345K [0x00000000e0000000, 0x00000000e9400000, 0x0000000100000000)
  eden space 65024K, 0% used [0x00000000e0000000,0x00000000e0000000,0x00000000e3f80000)
  from space 10752K, 68% used [0x00000000e4a00000,0x00000000e512c468,0x00000000e5480000)
  to   space 10752K, 0% used [0x00000000e3f80000,0x00000000e3f80000,0x00000000e4a00000)
 ParOldGen       total 173568K, used 777K [0x00000000a0000000, 0x00000000aa980000, 0x00000000e0000000)
  object space 173568K, 0% used [0x00000000a0000000,0x00000000a00c2570,0x00000000aa980000)
 Metaspace       used 20527K, capacity 21192K, committed 21296K, reserved 1067008K
  class space    used 2926K, capacity 3108K, committed 3200K, reserved 1048576K
}
Event: 4.380 GC heap before
{Heap before GC invocations=5 (full 1):
 PSYoungGen      total 75776K, used 7345K [0x00000000e0000000, 0x00000000e9400000, 0x0000000100000000)
  eden space 65024K, 0% used [0x00000000e0000000,0x00000000e0000000,0x00000000e3f80000)
  from space 10752K, 68% used [0x00000000e4a00000,0x00000000e512c468,0x00000000e5480000)
  to   space 10752K, 0% used [0x00000000e3f80000,0x00000000e3f80000,0x00000000e4a00000)
 ParOldGen       total 173568K, used 777K [0x00000000a0000000, 0x00000000aa980000, 0x00000000e0000000)
  object space 173568K, 0% used [0x00000000a0000000,0x00000000a00c2570,0x00000000aa980000)
 Metaspace       used 20527K, capacity 21192K, committed 21296K, reserved 1067008K
  class space    used 2926K, capacity 3108K, committed 3200K, reserved 1048576K
Event: 4.407 GC heap after
Heap after GC invocations=5 (full 1):
 PSYoungGen      total 75776K, used 0K [0x00000000e0000000, 0x00000000e9400000, 0x0000000100000000)
  eden space 65024K, 0% used [0x00000000e0000000,0x00000000e0000000,0x00000000e3f80000)
  from space 10752K, 0% used [0x00000000e4a00000,0x00000000e4a00000,0x00000000e5480000)
  to   space 10752K, 0% used [0x00000000e3f80000,0x00000000e3f80000,0x00000000e4a00000)
 ParOldGen       total 89600K, used 7144K [0x00000000a0000000, 0x00000000a5780000, 0x00000000e0000000)
  object space 89600K, 7% used [0x00000000a0000000,0x00000000a06fa0c8,0x00000000a5780000)
 Metaspace       used 20527K, capacity 21192K, committed 21296K, reserved 1067008K
  class space    used 2926K, capacity 3108K, committed 3200K, reserved 1048576K
}
Event: 5.147 GC heap before
{Heap before GC invocations=6 (full 1):
 PSYoungGen      total 75776K, used 65024K [0x00000000e0000000, 0x00000000e9400000, 0x0000000100000000)
  eden space 65024K, 100% used [0x00000000e0000000,0x00000000e3f80000,0x00000000e3f80000)
  from space 10752K, 0% used [0x00000000e4a00000,0x00000000e4a00000,0x00000000e5480000)
  to   space 10752K, 0% used [0x00000000e3f80000,0x00000000e3f80000,0x00000000e4a00000)
 ParOldGen       total 89600K, used 7144K [0x00000000a0000000, 0x00000000a5780000, 0x00000000e0000000)
  object space 89600K, 7% used [0x00000000a0000000,0x00000000a06fa0c8,0x00000000a5780000)
 Metaspace       used 28074K, capacity 28818K, committed 29056K, reserved 1075200K
  class space    used 3942K, capacity 4159K, committed 4224K, reserved 1048576K
Event: 5.151 GC heap after
Heap after GC invocations=6 (full 1):
 PSYoungGen      total 75776K, used 7905K [0x00000000e0000000, 0x00000000e8400000, 0x0000000100000000)
  eden space 65024K, 0% used [0x00000000e0000000,0x00000000e0000000,0x00000000e3f80000)
  from space 10752K, 73% used [0x00000000e3f80000,0x00000000e4738420,0x00000000e4a00000)
  to   space 11776K, 0% used [0x00000000e7880000,0x00000000e7880000,0x00000000e8400000)
 ParOldGen       total 89600K, used 7152K [0x00000000a0000000, 0x00000000a5780000, 0x00000000e0000000)
  object space 89600K, 7% used [0x00000000a0000000,0x00000000a06fc0c8,0x00000000a5780000)
 Metaspace       used 28074K, capacity 28818K, committed 29056K, reserved 1075200K
  class space    used 3942K, capacity 4159K, committed 4224K, reserved 1048576K
}

