# JRE version: OpenJDK Runtime Environment (8.0_432-b06) (build 1.8.0_432-b06)
# Java VM: OpenJDK 64-Bit Server VM (25.432-b06 mixed mode windows-amd64 compressed oops)
Heap:
 PSYoungGen      total 122368K, used 55223K [0x00000000e0000000, 0x00000000e8500000, 0x0000000100000000)
  eden space 111616K, 42% used [0x00000000e0000000,0x00000000e2e2fb88,0x00000000e6d00000)
  from space 10752K, 73% used [0x00000000e7a80000,0x00000000e823e168,0x00000000e8500000)
  to   space 12288K, 0% used [0x00000000e6d00000,0x00000000e6d00000,0x00000000e7900000)
 ParOldGen       total 87552K, used 14617K [0x00000000a0000000, 0x00000000a5580000, 0x00000000e0000000)
  object space 87552K, 16% used [0x00000000a0000000,0x00000000a0e46758,0x00000000a5580000)
 Metaspace       used 44235K, capacity 46128K, committed 46208K, reserved 1089536K
  class space    used 6123K, capacity 6501K, committed 6528K, reserved 1048576K
GC Heap History (10 events):
Event: 5.820 GC heap before
{Heap before GC invocations=6 (full 1):
 PSYoungGen      total 75776K, used 65024K [0x00000000e0000000, 0x00000000e5480000, 0x0000000100000000)
  eden space 65024K, 100% used [0x00000000e0000000,0x00000000e3f80000,0x00000000e3f80000)
  from space 10752K, 0% used [0x00000000e4a00000,0x00000000e4a00000,0x00000000e5480000)
  to   space 10752K, 0% used [0x00000000e3f80000,0x00000000e3f80000,0x00000000e4a00000)
 ParOldGen       total 87552K, used 7033K [0x00000000a0000000, 0x00000000a5580000, 0x00000000e0000000)
  object space 87552K, 8% used [0x00000000a0000000,0x00000000a06de5d0,0x00000000a5580000)
 Metaspace       used 27972K, capacity 28754K, committed 29056K, reserved 1075200K
  class space    used 3917K, capacity 4159K, committed 4224K, reserved 1048576K
Event: 5.825 GC heap after
Heap after GC invocations=6 (full 1):
 PSYoungGen      total 75776K, used 7910K [0x00000000e0000000, 0x00000000e8680000, 0x0000000100000000)
  eden space 65024K, 0% used [0x00000000e0000000,0x00000000e0000000,0x00000000e3f80000)
  from space 10752K, 73% used [0x00000000e3f80000,0x00000000e4739b58,0x00000000e4a00000)
  to   space 12288K, 0% used [0x00000000e7a80000,0x00000000e7a80000,0x00000000e8680000)
 ParOldGen       total 87552K, used 7041K [0x00000000a0000000, 0x00000000a5580000, 0x00000000e0000000)
  object space 87552K, 8% used [0x00000000a0000000,0x00000000a06e05d0,0x00000000a5580000)
 Metaspace       used 27972K, capacity 28754K, committed 29056K, reserved 1075200K
  class space    used 3917K, capacity 4159K, committed 4224K, reserved 1048576K
}
Event: 6.427 GC heap before
{Heap before GC invocations=7 (full 1):
 PSYoungGen      total 75776K, used 72934K [0x00000000e0000000, 0x00000000e8680000, 0x0000000100000000)
  eden space 65024K, 100% used [0x00000000e0000000,0x00000000e3f80000,0x00000000e3f80000)
  from space 10752K, 73% used [0x00000000e3f80000,0x00000000e4739b58,0x00000000e4a00000)
  to   space 12288K, 0% used [0x00000000e7a80000,0x00000000e7a80000,0x00000000e8680000)
 ParOldGen       total 87552K, used 7041K [0x00000000a0000000, 0x00000000a5580000, 0x00000000e0000000)
  object space 87552K, 8% used [0x00000000a0000000,0x00000000a06e05d0,0x00000000a5580000)
 Metaspace       used 32776K, capacity 33802K, committed 34048K, reserved 1079296K
  class space    used 4564K, capacity 4815K, committed 4864K, reserved 1048576K
Event: 6.433 GC heap after
Heap after GC invocations=7 (full 1):
 PSYoungGen      total 122368K, used 9560K [0x00000000e0000000, 0x00000000e8500000, 0x0000000100000000)
  eden space 111616K, 0% used [0x00000000e0000000,0x00000000e0000000,0x00000000e6d00000)
  from space 10752K, 88% used [0x00000000e7a80000,0x00000000e83d6208,0x00000000e8500000)
  to   space 12288K, 0% used [0x00000000e6d00000,0x00000000e6d00000,0x00000000e7900000)
 ParOldGen       total 87552K, used 7049K [0x00000000a0000000, 0x00000000a5580000, 0x00000000e0000000)
  object space 87552K, 8% used [0x00000000a0000000,0x00000000a06e25d0,0x00000000a5580000)
 Metaspace       used 32776K, capacity 33802K, committed 34048K, reserved 1079296K
  class space    used 4564K, capacity 4815K, committed 4864K, reserved 1048576K
}
Event: 6.625 GC heap before
{Heap before GC invocations=8 (full 1):
 PSYoungGen      total 122368K, used 45406K [0x00000000e0000000, 0x00000000e8500000, 0x0000000100000000)
  eden space 111616K, 32% used [0x00000000e0000000,0x00000000e23018c8,0x00000000e6d00000)
  from space 10752K, 88% used [0x00000000e7a80000,0x00000000e83d6208,0x00000000e8500000)
  to   space 12288K, 0% used [0x00000000e6d00000,0x00000000e6d00000,0x00000000e7900000)
 ParOldGen       total 87552K, used 7049K [0x00000000a0000000, 0x00000000a5580000, 0x00000000e0000000)
  object space 87552K, 8% used [0x00000000a0000000,0x00000000a06e25d0,0x00000000a5580000)
 Metaspace       used 34322K, capacity 35444K, committed 35496K, reserved 1079296K
  class space    used 4828K, capacity 5097K, committed 5120K, reserved 1048576K
Event: 8.648 GC heap after
Heap after GC invocations=8 (full 1):
 PSYoungGen      total 123904K, used 8342K [0x00000000e0000000, 0x00000000e8500000, 0x0000000100000000)
  eden space 111616K, 0% used [0x00000000e0000000,0x00000000e0000000,0x00000000e6d00000)
  from space 12288K, 67% used [0x00000000e6d00000,0x00000000e7525b48,0x00000000e7900000)
  to   space 10752K, 0% used [0x00000000e7a80000,0x00000000e7a80000,0x00000000e8500000)
 ParOldGen       total 87552K, used 7057K [0x00000000a0000000, 0x00000000a5580000, 0x00000000e0000000)
  object space 87552K, 8% used [0x00000000a0000000,0x00000000a06e45d0,0x00000000a5580000)
 Metaspace       used 34322K, capacity 35444K, committed 35496K, reserved 1079296K
  class space    used 4828K, capacity 5097K, committed 5120K, reserved 1048576K
}
Event: 8.648 GC heap before
{Heap before GC invocations=9 (full 2):
 PSYoungGen      total 123904K, used 8342K [0x00000000e0000000, 0x00000000e8500000, 0x0000000100000000)
  eden space 111616K, 0% used [0x00000000e0000000,0x00000000e0000000,0x00000000e6d00000)
  from space 12288K, 67% used [0x00000000e6d00000,0x00000000e7525b48,0x00000000e7900000)
  to   space 10752K, 0% used [0x00000000e7a80000,0x00000000e7a80000,0x00000000e8500000)
 ParOldGen       total 87552K, used 7057K [0x00000000a0000000, 0x00000000a5580000, 0x00000000e0000000)
  object space 87552K, 8% used [0x00000000a0000000,0x00000000a06e45d0,0x00000000a5580000)
 Metaspace       used 34322K, capacity 35444K, committed 35496K, reserved 1079296K
  class space    used 4828K, capacity 5097K, committed 5120K, reserved 1048576K
Event: 12.723 GC heap after
Heap after GC invocations=9 (full 2):
 PSYoungGen      total 123904K, used 0K [0x00000000e0000000, 0x00000000e8500000, 0x0000000100000000)
  eden space 111616K, 0% used [0x00000000e0000000,0x00000000e0000000,0x00000000e6d00000)
  from space 12288K, 0% used [0x00000000e6d00000,0x00000000e6d00000,0x00000000e7900000)
  to   space 10752K, 0% used [0x00000000e7a80000,0x00000000e7a80000,0x00000000e8500000)
 ParOldGen       total 87552K, used 14609K [0x00000000a0000000, 0x00000000a5580000, 0x00000000e0000000)
  object space 87552K, 16% used [0x00000000a0000000,0x00000000a0e44758,0x00000000a5580000)
 Metaspace       used 34322K, capacity 35444K, committed 35496K, reserved 1079296K
  class space    used 4828K, capacity 5097K, committed 5120K, reserved 1048576K
}
Event: 13.354 GC heap before
{Heap before GC invocations=10 (full 2):
 PSYoungGen      total 123904K, used 111616K [0x00000000e0000000, 0x00000000e8500000, 0x0000000100000000)
  eden space 111616K, 100% used [0x00000000e0000000,0x00000000e6d00000,0x00000000e6d00000)
  from space 12288K, 0% used [0x00000000e6d00000,0x00000000e6d00000,0x00000000e7900000)
  to   space 10752K, 0% used [0x00000000e7a80000,0x00000000e7a80000,0x00000000e8500000)
 ParOldGen       total 87552K, used 14609K [0x00000000a0000000, 0x00000000a5580000, 0x00000000e0000000)
  object space 87552K, 16% used [0x00000000a0000000,0x00000000a0e44758,0x00000000a5580000)
 Metaspace       used 37976K, capacity 39738K, committed 39808K, reserved 1083392K
  class space    used 5369K, capacity 5696K, committed 5760K, reserved 1048576K
Event: 15.368 GC heap after
Heap after GC invocations=10 (full 2):
 PSYoungGen      total 122368K, used 7928K [0x00000000e0000000, 0x00000000e8500000, 0x0000000100000000)
  eden space 111616K, 0% used [0x00000000e0000000,0x00000000e0000000,0x00000000e6d00000)
  from space 10752K, 73% used [0x00000000e7a80000,0x00000000e823e168,0x00000000e8500000)
  to   space 12288K, 0% used [0x00000000e6d00000,0x00000000e6d00000,0x00000000e7900000)
 ParOldGen       total 87552K, used 14617K [0x00000000a0000000, 0x00000000a5580000, 0x00000000e0000000)
  object space 87552K, 16% used [0x00000000a0000000,0x00000000a0e46758,0x00000000a5580000)
 Metaspace       used 37976K, capacity 39738K, committed 39808K, reserved 1083392K
  class space    used 5369K, capacity 5696K, committed 5760K, reserved 1048576K
}

