# JRE version: OpenJDK Runtime Environment (8.0_432-b06) (build 1.8.0_432-b06)
# Java VM: OpenJDK 64-Bit Server VM (25.432-b06 mixed mode windows-amd64 compressed oops)
Heap:
 PSYoungGen      total 125952K, used 54040K [0x00000000e0000000, 0x00000000e8800000, 0x0000000100000000)
  eden space 114688K, 39% used [0x00000000e0000000,0x00000000e2c5fbc0,0x00000000e7000000)
  from space 11264K, 76% used [0x00000000e7d00000,0x00000000e8566710,0x00000000e8800000)
  to   space 12288K, 0% used [0x00000000e7000000,0x00000000e7000000,0x00000000e7c00000)
 ParOldGen       total 112640K, used 14697K [0x00000000a0000000, 0x00000000a6e00000, 0x00000000e0000000)
  object space 112640K, 13% used [0x00000000a0000000,0x00000000a0e5a7d0,0x00000000a6e00000)
 Metaspace       used 44339K, capacity 46302K, committed 46464K, reserved 1089536K
  class space    used 6144K, capacity 6496K, committed 6528K, reserved 1048576K
GC Heap History (10 events):
Event: 4.640 GC heap before
{Heap before GC invocations=6 (full 1):
 PSYoungGen      total 75776K, used 65024K [0x00000000e0000000, 0x00000000e5480000, 0x0000000100000000)
  eden space 65024K, 100% used [0x00000000e0000000,0x00000000e3f80000,0x00000000e3f80000)
  from space 10752K, 0% used [0x00000000e4a00000,0x00000000e4a00000,0x00000000e5480000)
  to   space 10752K, 0% used [0x00000000e3f80000,0x00000000e3f80000,0x00000000e4a00000)
 ParOldGen       total 85504K, used 7112K [0x00000000a0000000, 0x00000000a5380000, 0x00000000e0000000)
  object space 85504K, 8% used [0x00000000a0000000,0x00000000a06f23e0,0x00000000a5380000)
 Metaspace       used 28023K, capacity 28818K, committed 29056K, reserved 1075200K
  class space    used 3936K, capacity 4159K, committed 4224K, reserved 1048576K
Event: 4.644 GC heap after
Heap after GC invocations=6 (full 1):
 PSYoungGen      total 75776K, used 7877K [0x00000000e0000000, 0x00000000e8900000, 0x0000000100000000)
  eden space 65024K, 0% used [0x00000000e0000000,0x00000000e0000000,0x00000000e3f80000)
  from space 10752K, 73% used [0x00000000e3f80000,0x00000000e4731548,0x00000000e4a00000)
  to   space 12288K, 0% used [0x00000000e7d00000,0x00000000e7d00000,0x00000000e8900000)
 ParOldGen       total 85504K, used 7120K [0x00000000a0000000, 0x00000000a5380000, 0x00000000e0000000)
  object space 85504K, 8% used [0x00000000a0000000,0x00000000a06f43e0,0x00000000a5380000)
 Metaspace       used 28023K, capacity 28818K, committed 29056K, reserved 1075200K
  class space    used 3936K, capacity 4159K, committed 4224K, reserved 1048576K
}
Event: 5.219 GC heap before
{Heap before GC invocations=7 (full 1):
 PSYoungGen      total 75776K, used 72901K [0x00000000e0000000, 0x00000000e8900000, 0x0000000100000000)
  eden space 65024K, 100% used [0x00000000e0000000,0x00000000e3f80000,0x00000000e3f80000)
  from space 10752K, 73% used [0x00000000e3f80000,0x00000000e4731548,0x00000000e4a00000)
  to   space 12288K, 0% used [0x00000000e7d00000,0x00000000e7d00000,0x00000000e8900000)
 ParOldGen       total 85504K, used 7120K [0x00000000a0000000, 0x00000000a5380000, 0x00000000e0000000)
  object space 85504K, 8% used [0x00000000a0000000,0x00000000a06f43e0,0x00000000a5380000)
 Metaspace       used 32755K, capacity 33732K, committed 33792K, reserved 1079296K
  class space    used 4566K, capacity 4814K, committed 4864K, reserved 1048576K
Event: 5.226 GC heap after
Heap after GC invocations=7 (full 1):
 PSYoungGen      total 125952K, used 9365K [0x00000000e0000000, 0x00000000e8800000, 0x0000000100000000)
  eden space 114688K, 0% used [0x00000000e0000000,0x00000000e0000000,0x00000000e7000000)
  from space 11264K, 83% used [0x00000000e7d00000,0x00000000e8625578,0x00000000e8800000)
  to   space 12288K, 0% used [0x00000000e7000000,0x00000000e7000000,0x00000000e7c00000)
 ParOldGen       total 85504K, used 7128K [0x00000000a0000000, 0x00000000a5380000, 0x00000000e0000000)
  object space 85504K, 8% used [0x00000000a0000000,0x00000000a06f63e0,0x00000000a5380000)
 Metaspace       used 32755K, capacity 33732K, committed 33792K, reserved 1079296K
  class space    used 4566K, capacity 4814K, committed 4864K, reserved 1048576K
}
Event: 5.424 GC heap before
{Heap before GC invocations=8 (full 1):
 PSYoungGen      total 125952K, used 48012K [0x00000000e0000000, 0x00000000e8800000, 0x0000000100000000)
  eden space 114688K, 33% used [0x00000000e0000000,0x00000000e25bdca8,0x00000000e7000000)
  from space 11264K, 83% used [0x00000000e7d00000,0x00000000e8625578,0x00000000e8800000)
  to   space 12288K, 0% used [0x00000000e7000000,0x00000000e7000000,0x00000000e7c00000)
 ParOldGen       total 85504K, used 7128K [0x00000000a0000000, 0x00000000a5380000, 0x00000000e0000000)
  object space 85504K, 8% used [0x00000000a0000000,0x00000000a06f63e0,0x00000000a5380000)
 Metaspace       used 34374K, capacity 35444K, committed 35496K, reserved 1079296K
  class space    used 4838K, capacity 5097K, committed 5120K, reserved 1048576K
Event: 7.453 GC heap after
Heap after GC invocations=8 (full 1):
 PSYoungGen      total 126976K, used 8357K [0x00000000e0000000, 0x00000000e8800000, 0x0000000100000000)
  eden space 114688K, 0% used [0x00000000e0000000,0x00000000e0000000,0x00000000e7000000)
  from space 12288K, 68% used [0x00000000e7000000,0x00000000e78294a0,0x00000000e7c00000)
  to   space 11264K, 0% used [0x00000000e7d00000,0x00000000e7d00000,0x00000000e8800000)
 ParOldGen       total 85504K, used 7136K [0x00000000a0000000, 0x00000000a5380000, 0x00000000e0000000)
  object space 85504K, 8% used [0x00000000a0000000,0x00000000a06f83e0,0x00000000a5380000)
 Metaspace       used 34374K, capacity 35444K, committed 35496K, reserved 1079296K
  class space    used 4838K, capacity 5097K, committed 5120K, reserved 1048576K
}
Event: 7.453 GC heap before
{Heap before GC invocations=9 (full 2):
 PSYoungGen      total 126976K, used 8357K [0x00000000e0000000, 0x00000000e8800000, 0x0000000100000000)
  eden space 114688K, 0% used [0x00000000e0000000,0x00000000e0000000,0x00000000e7000000)
  from space 12288K, 68% used [0x00000000e7000000,0x00000000e78294a0,0x00000000e7c00000)
  to   space 11264K, 0% used [0x00000000e7d00000,0x00000000e7d00000,0x00000000e8800000)
 ParOldGen       total 85504K, used 7136K [0x00000000a0000000, 0x00000000a5380000, 0x00000000e0000000)
  object space 85504K, 8% used [0x00000000a0000000,0x00000000a06f83e0,0x00000000a5380000)
 Metaspace       used 34374K, capacity 35444K, committed 35496K, reserved 1079296K
  class space    used 4838K, capacity 5097K, committed 5120K, reserved 1048576K
Event: 7.479 GC heap after
Heap after GC invocations=9 (full 2):
 PSYoungGen      total 126976K, used 0K [0x00000000e0000000, 0x00000000e8800000, 0x0000000100000000)
  eden space 114688K, 0% used [0x00000000e0000000,0x00000000e0000000,0x00000000e7000000)
  from space 12288K, 0% used [0x00000000e7000000,0x00000000e7000000,0x00000000e7c00000)
  to   space 11264K, 0% used [0x00000000e7d00000,0x00000000e7d00000,0x00000000e8800000)
 ParOldGen       total 112640K, used 14689K [0x00000000a0000000, 0x00000000a6e00000, 0x00000000e0000000)
  object space 112640K, 13% used [0x00000000a0000000,0x00000000a0e587d0,0x00000000a6e00000)
 Metaspace       used 34374K, capacity 35444K, committed 35496K, reserved 1079296K
  class space    used 4838K, capacity 5097K, committed 5120K, reserved 1048576K
}
Event: 8.223 GC heap before
{Heap before GC invocations=10 (full 2):
 PSYoungGen      total 126976K, used 114688K [0x00000000e0000000, 0x00000000e8800000, 0x0000000100000000)
  eden space 114688K, 100% used [0x00000000e0000000,0x00000000e7000000,0x00000000e7000000)
  from space 12288K, 0% used [0x00000000e7000000,0x00000000e7000000,0x00000000e7c00000)
  to   space 11264K, 0% used [0x00000000e7d00000,0x00000000e7d00000,0x00000000e8800000)
 ParOldGen       total 112640K, used 14689K [0x00000000a0000000, 0x00000000a6e00000, 0x00000000e0000000)
  object space 112640K, 13% used [0x00000000a0000000,0x00000000a0e587d0,0x00000000a6e00000)
 Metaspace       used 38616K, capacity 40298K, committed 40320K, reserved 1083392K
  class space    used 5444K, capacity 5756K, committed 5760K, reserved 1048576K
Event: 10.241 GC heap after
Heap after GC invocations=10 (full 2):
 PSYoungGen      total 125952K, used 8601K [0x00000000e0000000, 0x00000000e8800000, 0x0000000100000000)
  eden space 114688K, 0% used [0x00000000e0000000,0x00000000e0000000,0x00000000e7000000)
  from space 11264K, 76% used [0x00000000e7d00000,0x00000000e8566710,0x00000000e8800000)
  to   space 12288K, 0% used [0x00000000e7000000,0x00000000e7000000,0x00000000e7c00000)
 ParOldGen       total 112640K, used 14697K [0x00000000a0000000, 0x00000000a6e00000, 0x00000000e0000000)
  object space 112640K, 13% used [0x00000000a0000000,0x00000000a0e5a7d0,0x00000000a6e00000)
 Metaspace       used 38616K, capacity 40298K, committed 40320K, reserved 1083392K
  class space    used 5444K, capacity 5756K, committed 5760K, reserved 1048576K
}

