# JRE version: OpenJDK Runtime Environment Temurin-21.0.5+11 (21.0.5+11) (build 21.0.5+11-LTS)
# Java VM: OpenJDK 64-Bit Server VM Temurin-21.0.5+11 (21.0.5+11-LTS, mixed mode, sharing, tiered, compressed oops, compressed class ptrs, parallel gc, windows-amd64)
GC Precious Log:
 CardTable entry size: 512
 CPUs: 12 total, 12 available
 Memory: 16145M
 Large Page Support: Disabled
 NUMA Support: Disabled
 Compressed Oops: Enabled (32-bit)
 Alignments: Space 512K, Generation 512K, Heap 2M
 Heap Min Capacity: 100M
 Heap Initial Capacity: 100M
 Heap Max Capacity: 1G
 Pre-touch: Disabled
 Parallel Workers: 10
Heap:
 PSYoungGen      total 23040K, used 1175K [0x00000000eab00000, 0x00000000ec480000, 0x0000000100000000)
  eden space 22016K, 3% used [0x00000000eab00000,0x00000000eabbdc38,0x00000000ec080000)
  from space 1024K, 40% used [0x00000000ec280000,0x00000000ec2e8000,0x00000000ec380000)
  to   space 512K, 0% used [0x00000000ec400000,0x00000000ec400000,0x00000000ec480000)
 ParOldGen       total 68608K, used 22052K [0x00000000c0000000, 0x00000000c4300000, 0x00000000eab00000)
  object space 68608K, 32% used [0x00000000c0000000,0x00000000c1589128,0x00000000c4300000)
 Metaspace       used 38302K, committed 39232K, reserved 1114112K
  class space    used 3739K, committed 4096K, reserved 1048576K
GC Heap History (20 events):
Event: 3.900 GC heap before
{Heap before GC invocations=9 (full 1):
 PSYoungGen      total 27648K, used 27520K [0x00000000eab00000, 0x00000000eca80000, 0x0000000100000000)
  eden space 24576K, 100% used [0x00000000eab00000,0x00000000ec300000,0x00000000ec300000)
  from space 3072K, 95% used [0x00000000ec480000,0x00000000ec760020,0x00000000ec780000)
  to   space 3072K, 0% used [0x00000000ec780000,0x00000000ec780000,0x00000000eca80000)
 ParOldGen       total 68608K, used 8878K [0x00000000c0000000, 0x00000000c4300000, 0x00000000eab00000)
  object space 68608K, 12% used [0x00000000c0000000,0x00000000c08ab9c8,0x00000000c4300000)
 Metaspace       used 26636K, committed 27392K, reserved 1114112K
  class space    used 2563K, committed 2880K, reserved 1048576K
}
Event: 3.903 GC heap after
{Heap after GC invocations=9 (full 1):
 PSYoungGen      total 27136K, used 2854K [0x00000000eab00000, 0x00000000eca80000, 0x0000000100000000)
  eden space 24064K, 0% used [0x00000000eab00000,0x00000000eab00000,0x00000000ec280000)
  from space 3072K, 92% used [0x00000000ec780000,0x00000000eca49940,0x00000000eca80000)
  to   space 3072K, 0% used [0x00000000ec480000,0x00000000ec480000,0x00000000ec780000)
 ParOldGen       total 68608K, used 10448K [0x00000000c0000000, 0x00000000c4300000, 0x00000000eab00000)
  object space 68608K, 15% used [0x00000000c0000000,0x00000000c0a343e8,0x00000000c4300000)
 Metaspace       used 26636K, committed 27392K, reserved 1114112K
  class space    used 2563K, committed 2880K, reserved 1048576K
}
Event: 10.244 GC heap before
{Heap before GC invocations=10 (full 1):
 PSYoungGen      total 27136K, used 26911K [0x00000000eab00000, 0x00000000eca80000, 0x0000000100000000)
  eden space 24064K, 99% used [0x00000000eab00000,0x00000000ec27e440,0x00000000ec280000)
  from space 3072K, 92% used [0x00000000ec780000,0x00000000eca49940,0x00000000eca80000)
  to   space 3072K, 0% used [0x00000000ec480000,0x00000000ec480000,0x00000000ec780000)
 ParOldGen       total 68608K, used 10448K [0x00000000c0000000, 0x00000000c4300000, 0x00000000eab00000)
  object space 68608K, 15% used [0x00000000c0000000,0x00000000c0a343e8,0x00000000c4300000)
 Metaspace       used 30081K, committed 30976K, reserved 1114112K
  class space    used 2933K, committed 3328K, reserved 1048576K
}
Event: 10.247 GC heap after
{Heap after GC invocations=10 (full 1):
 PSYoungGen      total 26624K, used 3067K [0x00000000eab00000, 0x00000000ecc00000, 0x0000000100000000)
  eden space 23552K, 0% used [0x00000000eab00000,0x00000000eab00000,0x00000000ec200000)
  from space 3072K, 99% used [0x00000000ec480000,0x00000000ec77ee48,0x00000000ec780000)
  to   space 4608K, 0% used [0x00000000ec780000,0x00000000ec780000,0x00000000ecc00000)
 ParOldGen       total 68608K, used 11977K [0x00000000c0000000, 0x00000000c4300000, 0x00000000eab00000)
  object space 68608K, 17% used [0x00000000c0000000,0x00000000c0bb2458,0x00000000c4300000)
 Metaspace       used 30081K, committed 30976K, reserved 1114112K
  class space    used 2933K, committed 3328K, reserved 1048576K
}
Event: 11.588 GC heap before
{Heap before GC invocations=11 (full 1):
 PSYoungGen      total 26624K, used 26619K [0x00000000eab00000, 0x00000000ecc00000, 0x0000000100000000)
  eden space 23552K, 100% used [0x00000000eab00000,0x00000000ec200000,0x00000000ec200000)
  from space 3072K, 99% used [0x00000000ec480000,0x00000000ec77ee48,0x00000000ec780000)
  to   space 4608K, 0% used [0x00000000ec780000,0x00000000ec780000,0x00000000ecc00000)
 ParOldGen       total 68608K, used 11977K [0x00000000c0000000, 0x00000000c4300000, 0x00000000eab00000)
  object space 68608K, 17% used [0x00000000c0000000,0x00000000c0bb2458,0x00000000c4300000)
 Metaspace       used 31231K, committed 32128K, reserved 1114112K
  class space    used 3060K, committed 3456K, reserved 1048576K
}
Event: 11.591 GC heap after
{Heap after GC invocations=11 (full 1):
 PSYoungGen      total 26624K, used 3183K [0x00000000eab00000, 0x00000000ecb00000, 0x0000000100000000)
  eden space 23040K, 0% used [0x00000000eab00000,0x00000000eab00000,0x00000000ec180000)
  from space 3584K, 88% used [0x00000000ec780000,0x00000000eca9bfe0,0x00000000ecb00000)
  to   space 4096K, 0% used [0x00000000ec300000,0x00000000ec300000,0x00000000ec700000)
 ParOldGen       total 68608K, used 13917K [0x00000000c0000000, 0x00000000c4300000, 0x00000000eab00000)
  object space 68608K, 20% used [0x00000000c0000000,0x00000000c0d976c8,0x00000000c4300000)
 Metaspace       used 31231K, committed 32128K, reserved 1114112K
  class space    used 3060K, committed 3456K, reserved 1048576K
}
Event: 11.730 GC heap before
{Heap before GC invocations=12 (full 1):
 PSYoungGen      total 26624K, used 26223K [0x00000000eab00000, 0x00000000ecb00000, 0x0000000100000000)
  eden space 23040K, 100% used [0x00000000eab00000,0x00000000ec180000,0x00000000ec180000)
  from space 3584K, 88% used [0x00000000ec780000,0x00000000eca9bfe0,0x00000000ecb00000)
  to   space 4096K, 0% used [0x00000000ec300000,0x00000000ec300000,0x00000000ec700000)
 ParOldGen       total 68608K, used 13917K [0x00000000c0000000, 0x00000000c4300000, 0x00000000eab00000)
  object space 68608K, 20% used [0x00000000c0000000,0x00000000c0d976c8,0x00000000c4300000)
 Metaspace       used 31337K, committed 32192K, reserved 1114112K
  class space    used 3067K, committed 3456K, reserved 1048576K
}
Event: 11.735 GC heap after
{Heap after GC invocations=12 (full 1):
 PSYoungGen      total 25088K, used 2193K [0x00000000eab00000, 0x00000000ec800000, 0x0000000100000000)
  eden space 22528K, 0% used [0x00000000eab00000,0x00000000eab00000,0x00000000ec100000)
  from space 2560K, 85% used [0x00000000ec300000,0x00000000ec524410,0x00000000ec580000)
  to   space 2560K, 0% used [0x00000000ec580000,0x00000000ec580000,0x00000000ec800000)
 ParOldGen       total 68608K, used 16901K [0x00000000c0000000, 0x00000000c4300000, 0x00000000eab00000)
  object space 68608K, 24% used [0x00000000c0000000,0x00000000c10817b0,0x00000000c4300000)
 Metaspace       used 31337K, committed 32192K, reserved 1114112K
  class space    used 3067K, committed 3456K, reserved 1048576K
}
Event: 13.969 GC heap before
{Heap before GC invocations=13 (full 1):
 PSYoungGen      total 25088K, used 24721K [0x00000000eab00000, 0x00000000ec800000, 0x0000000100000000)
  eden space 22528K, 100% used [0x00000000eab00000,0x00000000ec100000,0x00000000ec100000)
  from space 2560K, 85% used [0x00000000ec300000,0x00000000ec524410,0x00000000ec580000)
  to   space 2560K, 0% used [0x00000000ec580000,0x00000000ec580000,0x00000000ec800000)
 ParOldGen       total 68608K, used 16901K [0x00000000c0000000, 0x00000000c4300000, 0x00000000eab00000)
  object space 68608K, 24% used [0x00000000c0000000,0x00000000c10817b0,0x00000000c4300000)
 Metaspace       used 31914K, committed 32832K, reserved 1114112K
  class space    used 3145K, committed 3520K, reserved 1048576K
}
Event: 13.972 GC heap after
{Heap after GC invocations=13 (full 1):
 PSYoungGen      total 24576K, used 2103K [0x00000000eab00000, 0x00000000ec800000, 0x0000000100000000)
  eden space 22016K, 0% used [0x00000000eab00000,0x00000000eab00000,0x00000000ec080000)
  from space 2560K, 82% used [0x00000000ec580000,0x00000000ec78dd10,0x00000000ec800000)
  to   space 2560K, 0% used [0x00000000ec300000,0x00000000ec300000,0x00000000ec580000)
 ParOldGen       total 68608K, used 18844K [0x00000000c0000000, 0x00000000c4300000, 0x00000000eab00000)
  object space 68608K, 27% used [0x00000000c0000000,0x00000000c1267030,0x00000000c4300000)
 Metaspace       used 31914K, committed 32832K, reserved 1114112K
  class space    used 3145K, committed 3520K, reserved 1048576K
}
Event: 14.579 GC heap before
{Heap before GC invocations=14 (full 1):
 PSYoungGen      total 24576K, used 24119K [0x00000000eab00000, 0x00000000ec800000, 0x0000000100000000)
  eden space 22016K, 100% used [0x00000000eab00000,0x00000000ec080000,0x00000000ec080000)
  from space 2560K, 82% used [0x00000000ec580000,0x00000000ec78dd10,0x00000000ec800000)
  to   space 2560K, 0% used [0x00000000ec300000,0x00000000ec300000,0x00000000ec580000)
 ParOldGen       total 68608K, used 18844K [0x00000000c0000000, 0x00000000c4300000, 0x00000000eab00000)
  object space 68608K, 27% used [0x00000000c0000000,0x00000000c1267030,0x00000000c4300000)
 Metaspace       used 33695K, committed 34624K, reserved 1114112K
  class space    used 3372K, committed 3776K, reserved 1048576K
}
Event: 14.581 GC heap after
{Heap after GC invocations=14 (full 1):
 PSYoungGen      total 23040K, used 726K [0x00000000eab00000, 0x00000000ec600000, 0x0000000100000000)
  eden space 22016K, 0% used [0x00000000eab00000,0x00000000eab00000,0x00000000ec080000)
  from space 1024K, 70% used [0x00000000ec300000,0x00000000ec3b5bf0,0x00000000ec400000)
  to   space 1536K, 0% used [0x00000000ec480000,0x00000000ec480000,0x00000000ec600000)
 ParOldGen       total 68608K, used 20758K [0x00000000c0000000, 0x00000000c4300000, 0x00000000eab00000)
  object space 68608K, 30% used [0x00000000c0000000,0x00000000c1445860,0x00000000c4300000)
 Metaspace       used 33695K, committed 34624K, reserved 1114112K
  class space    used 3372K, committed 3776K, reserved 1048576K
}
Event: 14.923 GC heap before
{Heap before GC invocations=15 (full 1):
 PSYoungGen      total 23040K, used 17544K [0x00000000eab00000, 0x00000000ec600000, 0x0000000100000000)
  eden space 22016K, 76% used [0x00000000eab00000,0x00000000ebb6c730,0x00000000ec080000)
  from space 1024K, 70% used [0x00000000ec300000,0x00000000ec3b5bf0,0x00000000ec400000)
  to   space 1536K, 0% used [0x00000000ec480000,0x00000000ec480000,0x00000000ec600000)
 ParOldGen       total 68608K, used 20758K [0x00000000c0000000, 0x00000000c4300000, 0x00000000eab00000)
  object space 68608K, 30% used [0x00000000c0000000,0x00000000c1445860,0x00000000c4300000)
 Metaspace       used 34955K, committed 35840K, reserved 1114112K
  class space    used 3499K, committed 3904K, reserved 1048576K
}
Event: 14.923 GC heap after
{Heap after GC invocations=15 (full 1):
 PSYoungGen      total 23040K, used 745K [0x00000000eab00000, 0x00000000ec580000, 0x0000000100000000)
  eden space 22016K, 0% used [0x00000000eab00000,0x00000000eab00000,0x00000000ec080000)
  from space 1024K, 72% used [0x00000000ec480000,0x00000000ec53a660,0x00000000ec580000)
  to   space 1024K, 0% used [0x00000000ec300000,0x00000000ec300000,0x00000000ec400000)
 ParOldGen       total 68608K, used 21313K [0x00000000c0000000, 0x00000000c4300000, 0x00000000eab00000)
  object space 68608K, 31% used [0x00000000c0000000,0x00000000c14d04a8,0x00000000c4300000)
 Metaspace       used 34955K, committed 35840K, reserved 1114112K
  class space    used 3499K, committed 3904K, reserved 1048576K
}
Event: 14.923 GC heap before
{Heap before GC invocations=16 (full 2):
 PSYoungGen      total 23040K, used 745K [0x00000000eab00000, 0x00000000ec580000, 0x0000000100000000)
  eden space 22016K, 0% used [0x00000000eab00000,0x00000000eab00000,0x00000000ec080000)
  from space 1024K, 72% used [0x00000000ec480000,0x00000000ec53a660,0x00000000ec580000)
  to   space 1024K, 0% used [0x00000000ec300000,0x00000000ec300000,0x00000000ec400000)
 ParOldGen       total 68608K, used 21313K [0x00000000c0000000, 0x00000000c4300000, 0x00000000eab00000)
  object space 68608K, 31% used [0x00000000c0000000,0x00000000c14d04a8,0x00000000c4300000)
 Metaspace       used 34955K, committed 35840K, reserved 1114112K
  class space    used 3499K, committed 3904K, reserved 1048576K
}
Event: 14.954 GC heap after
{Heap after GC invocations=16 (full 2):
 PSYoungGen      total 23040K, used 0K [0x00000000eab00000, 0x00000000ec580000, 0x0000000100000000)
  eden space 22016K, 0% used [0x00000000eab00000,0x00000000eab00000,0x00000000ec080000)
  from space 1024K, 0% used [0x00000000ec480000,0x00000000ec480000,0x00000000ec580000)
  to   space 1024K, 0% used [0x00000000ec300000,0x00000000ec300000,0x00000000ec400000)
 ParOldGen       total 68608K, used 21094K [0x00000000c0000000, 0x00000000c4300000, 0x00000000eab00000)
  object space 68608K, 30% used [0x00000000c0000000,0x00000000c1499b00,0x00000000c4300000)
 Metaspace       used 34955K, committed 35840K, reserved 1114112K
  class space    used 3499K, committed 3904K, reserved 1048576K
}
Event: 15.161 GC heap before
{Heap before GC invocations=17 (full 2):
 PSYoungGen      total 23040K, used 22016K [0x00000000eab00000, 0x00000000ec580000, 0x0000000100000000)
  eden space 22016K, 100% used [0x00000000eab00000,0x00000000ec080000,0x00000000ec080000)
  from space 1024K, 0% used [0x00000000ec480000,0x00000000ec480000,0x00000000ec580000)
  to   space 1024K, 0% used [0x00000000ec300000,0x00000000ec300000,0x00000000ec400000)
 ParOldGen       total 68608K, used 21094K [0x00000000c0000000, 0x00000000c4300000, 0x00000000eab00000)
  object space 68608K, 30% used [0x00000000c0000000,0x00000000c1499b00,0x00000000c4300000)
 Metaspace       used 36028K, committed 36928K, reserved 1114112K
  class space    used 3556K, committed 3968K, reserved 1048576K
}
Event: 15.163 GC heap after
{Heap after GC invocations=17 (full 2):
 PSYoungGen      total 23040K, used 1015K [0x00000000eab00000, 0x00000000ec500000, 0x0000000100000000)
  eden space 22016K, 0% used [0x00000000eab00000,0x00000000eab00000,0x00000000ec080000)
  from space 1024K, 99% used [0x00000000ec300000,0x00000000ec3fdff0,0x00000000ec400000)
  to   space 1024K, 0% used [0x00000000ec400000,0x00000000ec400000,0x00000000ec500000)
 ParOldGen       total 68608K, used 21732K [0x00000000c0000000, 0x00000000c4300000, 0x00000000eab00000)
  object space 68608K, 31% used [0x00000000c0000000,0x00000000c1539118,0x00000000c4300000)
 Metaspace       used 36028K, committed 36928K, reserved 1114112K
  class space    used 3556K, committed 3968K, reserved 1048576K
}
Event: 15.322 GC heap before
{Heap before GC invocations=18 (full 2):
 PSYoungGen      total 23040K, used 23031K [0x00000000eab00000, 0x00000000ec500000, 0x0000000100000000)
  eden space 22016K, 99% used [0x00000000eab00000,0x00000000ec07ff28,0x00000000ec080000)
  from space 1024K, 99% used [0x00000000ec300000,0x00000000ec3fdff0,0x00000000ec400000)
  to   space 1024K, 0% used [0x00000000ec400000,0x00000000ec400000,0x00000000ec500000)
 ParOldGen       total 68608K, used 21732K [0x00000000c0000000, 0x00000000c4300000, 0x00000000eab00000)
  object space 68608K, 31% used [0x00000000c0000000,0x00000000c1539118,0x00000000c4300000)
 Metaspace       used 37251K, committed 38080K, reserved 1114112K
  class space    used 3662K, committed 4032K, reserved 1048576K
}
Event: 15.323 GC heap after
{Heap after GC invocations=18 (full 2):
 PSYoungGen      total 22528K, used 365K [0x00000000eab00000, 0x00000000ec480000, 0x0000000100000000)
  eden space 22016K, 0% used [0x00000000eab00000,0x00000000eab00000,0x00000000ec080000)
  from space 512K, 71% used [0x00000000ec400000,0x00000000ec45b400,0x00000000ec480000)
  to   space 1024K, 0% used [0x00000000ec280000,0x00000000ec280000,0x00000000ec380000)
 ParOldGen       total 68608K, used 21916K [0x00000000c0000000, 0x00000000c4300000, 0x00000000eab00000)
  object space 68608K, 31% used [0x00000000c0000000,0x00000000c1567128,0x00000000c4300000)
 Metaspace       used 37251K, committed 38080K, reserved 1114112K
  class space    used 3662K, committed 4032K, reserved 1048576K
}

