# JRE version: OpenJDK Runtime Environment Temurin-21.0.5+11 (21.0.5+11) (build 21.0.5+11-LTS)
# Java VM: OpenJDK 64-Bit Server VM Temurin-21.0.5+11 (21.0.5+11-LTS, mixed mode, sharing, tiered, compressed oops, compressed class ptrs, parallel gc, windows-amd64)
GC Precious Log:
 CardTable entry size: 512
 CPUs: 12 total, 12 available
 Memory: 16145M
 Large Page Support: Disabled
 NUMA Support: Disabled
 Compressed Oops: Enabled (32-bit)
 Alignments: Space 512K, Generation 512K, Heap 2M
 Heap Min Capacity: 100M
 Heap Initial Capacity: 100M
 Heap Max Capacity: 1G
 Pre-touch: Disabled
 Parallel Workers: 10
Heap:
 PSYoungGen      total 18432K, used 14812K [0x00000000eab00000, 0x00000000ebf00000, 0x0000000100000000)
  eden space 17920K, 79% used [0x00000000eab00000,0x00000000eb8f73a0,0x00000000ebc80000)
  from space 512K, 100% used [0x00000000ebd80000,0x00000000ebe00000,0x00000000ebe00000)
  to   space 1024K, 0% used [0x00000000ebe00000,0x00000000ebe00000,0x00000000ebf00000)
 ParOldGen       total 68608K, used 59203K [0x00000000c0000000, 0x00000000c4300000, 0x00000000eab00000)
  object space 68608K, 86% used [0x00000000c0000000,0x00000000c39d0d50,0x00000000c4300000)
 Metaspace       used 62473K, committed 63808K, reserved 1114112K
  class space    used 7647K, committed 8256K, reserved 1048576K
GC Heap History (20 events):
Event: 13.795 GC heap before
{Heap before GC invocations=43 (full 3):
 PSYoungGen      total 19456K, used 19003K [0x00000000eab00000, 0x00000000ebf00000, 0x0000000100000000)
  eden space 18432K, 100% used [0x00000000eab00000,0x00000000ebd00000,0x00000000ebd00000)
  from space 1024K, 55% used [0x00000000ebd00000,0x00000000ebd8ef88,0x00000000ebe00000)
  to   space 1024K, 0% used [0x00000000ebe00000,0x00000000ebe00000,0x00000000ebf00000)
 ParOldGen       total 68608K, used 35978K [0x00000000c0000000, 0x00000000c4300000, 0x00000000eab00000)
  object space 68608K, 52% used [0x00000000c0000000,0x00000000c23228e8,0x00000000c4300000)
 Metaspace       used 59009K, committed 60288K, reserved 1114112K
  class space    used 7270K, committed 7872K, reserved 1048576K
}
Event: 13.796 GC heap after
{Heap after GC invocations=43 (full 3):
 PSYoungGen      total 18944K, used 1019K [0x00000000eab00000, 0x00000000ec000000, 0x0000000100000000)
  eden space 17920K, 0% used [0x00000000eab00000,0x00000000eab00000,0x00000000ebc80000)
  from space 1024K, 99% used [0x00000000ebe00000,0x00000000ebefeef0,0x00000000ebf00000)
  to   space 1536K, 0% used [0x00000000ebc80000,0x00000000ebc80000,0x00000000ebe00000)
 ParOldGen       total 68608K, used 36244K [0x00000000c0000000, 0x00000000c4300000, 0x00000000eab00000)
  object space 68608K, 52% used [0x00000000c0000000,0x00000000c23651b8,0x00000000c4300000)
 Metaspace       used 59009K, committed 60288K, reserved 1114112K
  class space    used 7270K, committed 7872K, reserved 1048576K
}
Event: 14.140 GC heap before
{Heap before GC invocations=44 (full 3):
 PSYoungGen      total 18944K, used 18939K [0x00000000eab00000, 0x00000000ec000000, 0x0000000100000000)
  eden space 17920K, 100% used [0x00000000eab00000,0x00000000ebc80000,0x00000000ebc80000)
  from space 1024K, 99% used [0x00000000ebe00000,0x00000000ebefeef0,0x00000000ebf00000)
  to   space 1536K, 0% used [0x00000000ebc80000,0x00000000ebc80000,0x00000000ebe00000)
 ParOldGen       total 68608K, used 36244K [0x00000000c0000000, 0x00000000c4300000, 0x00000000eab00000)
  object space 68608K, 52% used [0x00000000c0000000,0x00000000c23651b8,0x00000000c4300000)
 Metaspace       used 59995K, committed 61248K, reserved 1114112K
  class space    used 7402K, committed 7936K, reserved 1048576K
}
Event: 14.141 GC heap after
{Heap after GC invocations=44 (full 3):
 PSYoungGen      total 18944K, used 736K [0x00000000eab00000, 0x00000000ebe80000, 0x0000000100000000)
  eden space 17920K, 0% used [0x00000000eab00000,0x00000000eab00000,0x00000000ebc80000)
  from space 1024K, 71% used [0x00000000ebc80000,0x00000000ebd38000,0x00000000ebd80000)
  to   space 1024K, 0% used [0x00000000ebd80000,0x00000000ebd80000,0x00000000ebe80000)
 ParOldGen       total 68608K, used 36292K [0x00000000c0000000, 0x00000000c4300000, 0x00000000eab00000)
  object space 68608K, 52% used [0x00000000c0000000,0x00000000c23711b8,0x00000000c4300000)
 Metaspace       used 59995K, committed 61248K, reserved 1114112K
  class space    used 7402K, committed 7936K, reserved 1048576K
}
Event: 31.549 GC heap before
{Heap before GC invocations=45 (full 3):
 PSYoungGen      total 18944K, used 18656K [0x00000000eab00000, 0x00000000ebe80000, 0x0000000100000000)
  eden space 17920K, 100% used [0x00000000eab00000,0x00000000ebc80000,0x00000000ebc80000)
  from space 1024K, 71% used [0x00000000ebc80000,0x00000000ebd38000,0x00000000ebd80000)
  to   space 1024K, 0% used [0x00000000ebd80000,0x00000000ebd80000,0x00000000ebe80000)
 ParOldGen       total 68608K, used 36292K [0x00000000c0000000, 0x00000000c4300000, 0x00000000eab00000)
  object space 68608K, 52% used [0x00000000c0000000,0x00000000c23711b8,0x00000000c4300000)
 Metaspace       used 60914K, committed 62208K, reserved 1114112K
  class space    used 7508K, committed 8064K, reserved 1048576K
}
Event: 31.551 GC heap after
{Heap after GC invocations=45 (full 3):
 PSYoungGen      total 18944K, used 832K [0x00000000eab00000, 0x00000000ebe80000, 0x0000000100000000)
  eden space 17920K, 0% used [0x00000000eab00000,0x00000000eab00000,0x00000000ebc80000)
  from space 1024K, 81% used [0x00000000ebd80000,0x00000000ebe50000,0x00000000ebe80000)
  to   space 1024K, 0% used [0x00000000ebc80000,0x00000000ebc80000,0x00000000ebd80000)
 ParOldGen       total 68608K, used 36773K [0x00000000c0000000, 0x00000000c4300000, 0x00000000eab00000)
  object space 68608K, 53% used [0x00000000c0000000,0x00000000c23e96f0,0x00000000c4300000)
 Metaspace       used 60914K, committed 62208K, reserved 1114112K
  class space    used 7508K, committed 8064K, reserved 1048576K
}
Event: 51.285 GC heap before
{Heap before GC invocations=46 (full 3):
 PSYoungGen      total 18944K, used 18752K [0x00000000eab00000, 0x00000000ebe80000, 0x0000000100000000)
  eden space 17920K, 100% used [0x00000000eab00000,0x00000000ebc80000,0x00000000ebc80000)
  from space 1024K, 81% used [0x00000000ebd80000,0x00000000ebe50000,0x00000000ebe80000)
  to   space 1024K, 0% used [0x00000000ebc80000,0x00000000ebc80000,0x00000000ebd80000)
 ParOldGen       total 68608K, used 36773K [0x00000000c0000000, 0x00000000c4300000, 0x00000000eab00000)
  object space 68608K, 53% used [0x00000000c0000000,0x00000000c23e96f0,0x00000000c4300000)
 Metaspace       used 61076K, committed 62336K, reserved 1114112K
  class space    used 7510K, committed 8064K, reserved 1048576K
}
Event: 51.286 GC heap after
{Heap after GC invocations=46 (full 3):
 PSYoungGen      total 18944K, used 512K [0x00000000eab00000, 0x00000000ebe80000, 0x0000000100000000)
  eden space 17920K, 0% used [0x00000000eab00000,0x00000000eab00000,0x00000000ebc80000)
  from space 1024K, 50% used [0x00000000ebc80000,0x00000000ebd00000,0x00000000ebd80000)
  to   space 1024K, 0% used [0x00000000ebd80000,0x00000000ebd80000,0x00000000ebe80000)
 ParOldGen       total 68608K, used 37365K [0x00000000c0000000, 0x00000000c4300000, 0x00000000eab00000)
  object space 68608K, 54% used [0x00000000c0000000,0x00000000c247d6f0,0x00000000c4300000)
 Metaspace       used 61076K, committed 62336K, reserved 1114112K
  class space    used 7510K, committed 8064K, reserved 1048576K
}
Event: 75.890 GC heap before
{Heap before GC invocations=47 (full 3):
 PSYoungGen      total 18944K, used 18430K [0x00000000eab00000, 0x00000000ebe80000, 0x0000000100000000)
  eden space 17920K, 99% used [0x00000000eab00000,0x00000000ebc7f940,0x00000000ebc80000)
  from space 1024K, 50% used [0x00000000ebc80000,0x00000000ebd00000,0x00000000ebd80000)
  to   space 1024K, 0% used [0x00000000ebd80000,0x00000000ebd80000,0x00000000ebe80000)
 ParOldGen       total 68608K, used 37365K [0x00000000c0000000, 0x00000000c4300000, 0x00000000eab00000)
  object space 68608K, 54% used [0x00000000c0000000,0x00000000c247d6f0,0x00000000c4300000)
 Metaspace       used 61135K, committed 62464K, reserved 1114112K
  class space    used 7511K, committed 8064K, reserved 1048576K
}
Event: 75.892 GC heap after
{Heap after GC invocations=47 (full 3):
 PSYoungGen      total 18432K, used 288K [0x00000000eab00000, 0x00000000ebe00000, 0x0000000100000000)
  eden space 17920K, 0% used [0x00000000eab00000,0x00000000eab00000,0x00000000ebc80000)
  from space 512K, 56% used [0x00000000ebd80000,0x00000000ebdc8000,0x00000000ebe00000)
  to   space 512K, 0% used [0x00000000ebd00000,0x00000000ebd00000,0x00000000ebd80000)
 ParOldGen       total 68608K, used 37597K [0x00000000c0000000, 0x00000000c4300000, 0x00000000eab00000)
  object space 68608K, 54% used [0x00000000c0000000,0x00000000c24b76f0,0x00000000c4300000)
 Metaspace       used 61135K, committed 62464K, reserved 1114112K
  class space    used 7511K, committed 8064K, reserved 1048576K
}
Event: 104.140 GC heap before
{Heap before GC invocations=48 (full 3):
 PSYoungGen      total 18432K, used 18208K [0x00000000eab00000, 0x00000000ebe00000, 0x0000000100000000)
  eden space 17920K, 100% used [0x00000000eab00000,0x00000000ebc80000,0x00000000ebc80000)
  from space 512K, 56% used [0x00000000ebd80000,0x00000000ebdc8000,0x00000000ebe00000)
  to   space 512K, 0% used [0x00000000ebd00000,0x00000000ebd00000,0x00000000ebd80000)
 ParOldGen       total 68608K, used 37597K [0x00000000c0000000, 0x00000000c4300000, 0x00000000eab00000)
  object space 68608K, 54% used [0x00000000c0000000,0x00000000c24b76f0,0x00000000c4300000)
 Metaspace       used 61165K, committed 62464K, reserved 1114112K
  class space    used 7513K, committed 8064K, reserved 1048576K
}
Event: 104.141 GC heap after
{Heap after GC invocations=48 (full 3):
 PSYoungGen      total 18432K, used 320K [0x00000000eab00000, 0x00000000ebe00000, 0x0000000100000000)
  eden space 17920K, 0% used [0x00000000eab00000,0x00000000eab00000,0x00000000ebc80000)
  from space 512K, 62% used [0x00000000ebd00000,0x00000000ebd50000,0x00000000ebd80000)
  to   space 512K, 0% used [0x00000000ebd80000,0x00000000ebd80000,0x00000000ebe00000)
 ParOldGen       total 68608K, used 37653K [0x00000000c0000000, 0x00000000c4300000, 0x00000000eab00000)
  object space 68608K, 54% used [0x00000000c0000000,0x00000000c24c56f0,0x00000000c4300000)
 Metaspace       used 61165K, committed 62464K, reserved 1114112K
  class space    used 7513K, committed 8064K, reserved 1048576K
}
Event: 130.930 GC heap before
{Heap before GC invocations=49 (full 3):
 PSYoungGen      total 18432K, used 18240K [0x00000000eab00000, 0x00000000ebe00000, 0x0000000100000000)
  eden space 17920K, 100% used [0x00000000eab00000,0x00000000ebc80000,0x00000000ebc80000)
  from space 512K, 62% used [0x00000000ebd00000,0x00000000ebd50000,0x00000000ebd80000)
  to   space 512K, 0% used [0x00000000ebd80000,0x00000000ebd80000,0x00000000ebe00000)
 ParOldGen       total 68608K, used 37653K [0x00000000c0000000, 0x00000000c4300000, 0x00000000eab00000)
  object space 68608K, 54% used [0x00000000c0000000,0x00000000c24c56f0,0x00000000c4300000)
 Metaspace       used 61204K, committed 62528K, reserved 1114112K
  class space    used 7513K, committed 8064K, reserved 1048576K
}
Event: 130.931 GC heap after
{Heap after GC invocations=49 (full 3):
 PSYoungGen      total 18432K, used 320K [0x00000000eab00000, 0x00000000ebe00000, 0x0000000100000000)
  eden space 17920K, 0% used [0x00000000eab00000,0x00000000eab00000,0x00000000ebc80000)
  from space 512K, 62% used [0x00000000ebd80000,0x00000000ebdd0000,0x00000000ebe00000)
  to   space 512K, 0% used [0x00000000ebd00000,0x00000000ebd00000,0x00000000ebd80000)
 ParOldGen       total 68608K, used 37717K [0x00000000c0000000, 0x00000000c4300000, 0x00000000eab00000)
  object space 68608K, 54% used [0x00000000c0000000,0x00000000c24d56f0,0x00000000c4300000)
 Metaspace       used 61204K, committed 62528K, reserved 1114112K
  class space    used 7513K, committed 8064K, reserved 1048576K
}
Event: 150.454 GC heap before
{Heap before GC invocations=50 (full 3):
 PSYoungGen      total 18432K, used 18240K [0x00000000eab00000, 0x00000000ebe00000, 0x0000000100000000)
  eden space 17920K, 100% used [0x00000000eab00000,0x00000000ebc80000,0x00000000ebc80000)
  from space 512K, 62% used [0x00000000ebd80000,0x00000000ebdd0000,0x00000000ebe00000)
  to   space 512K, 0% used [0x00000000ebd00000,0x00000000ebd00000,0x00000000ebd80000)
 ParOldGen       total 68608K, used 37717K [0x00000000c0000000, 0x00000000c4300000, 0x00000000eab00000)
  object space 68608K, 54% used [0x00000000c0000000,0x00000000c24d56f0,0x00000000c4300000)
 Metaspace       used 61409K, committed 62720K, reserved 1114112K
  class space    used 7538K, committed 8128K, reserved 1048576K
}
Event: 150.456 GC heap after
{Heap after GC invocations=50 (full 3):
 PSYoungGen      total 18432K, used 512K [0x00000000eab00000, 0x00000000ec080000, 0x0000000100000000)
  eden space 17920K, 0% used [0x00000000eab00000,0x00000000eab00000,0x00000000ebc80000)
  from space 512K, 100% used [0x00000000ebd00000,0x00000000ebd80000,0x00000000ebd80000)
  to   space 2048K, 0% used [0x00000000ebe80000,0x00000000ebe80000,0x00000000ec080000)
 ParOldGen       total 68608K, used 38664K [0x00000000c0000000, 0x00000000c4300000, 0x00000000eab00000)
  object space 68608K, 56% used [0x00000000c0000000,0x00000000c25c2230,0x00000000c4300000)
 Metaspace       used 61409K, committed 62720K, reserved 1114112K
  class space    used 7538K, committed 8128K, reserved 1048576K
}
Event: 151.365 GC heap before
{Heap before GC invocations=51 (full 3):
 PSYoungGen      total 18432K, used 18432K [0x00000000eab00000, 0x00000000ec080000, 0x0000000100000000)
  eden space 17920K, 100% used [0x00000000eab00000,0x00000000ebc80000,0x00000000ebc80000)
  from space 512K, 100% used [0x00000000ebd00000,0x00000000ebd80000,0x00000000ebd80000)
  to   space 2048K, 0% used [0x00000000ebe80000,0x00000000ebe80000,0x00000000ec080000)
 ParOldGen       total 68608K, used 38664K [0x00000000c0000000, 0x00000000c4300000, 0x00000000eab00000)
  object space 68608K, 56% used [0x00000000c0000000,0x00000000c25c2230,0x00000000c4300000)
 Metaspace       used 62032K, committed 63360K, reserved 1114112K
  class space    used 7599K, committed 8192K, reserved 1048576K
}
Event: 151.367 GC heap after
{Heap after GC invocations=51 (full 3):
 PSYoungGen      total 18944K, used 568K [0x00000000eab00000, 0x00000000ebf80000, 0x0000000100000000)
  eden space 17920K, 0% used [0x00000000eab00000,0x00000000eab00000,0x00000000ebc80000)
  from space 1024K, 55% used [0x00000000ebe80000,0x00000000ebf0e1b8,0x00000000ebf80000)
  to   space 1024K, 0% used [0x00000000ebd80000,0x00000000ebd80000,0x00000000ebe80000)
 ParOldGen       total 68608K, used 38937K [0x00000000c0000000, 0x00000000c4300000, 0x00000000eab00000)
  object space 68608K, 56% used [0x00000000c0000000,0x00000000c2606698,0x00000000c4300000)
 Metaspace       used 62032K, committed 63360K, reserved 1114112K
  class space    used 7599K, committed 8192K, reserved 1048576K
}
Event: 151.551 GC heap before
{Heap before GC invocations=52 (full 3):
 PSYoungGen      total 18944K, used 14792K [0x00000000eab00000, 0x00000000ebf80000, 0x0000000100000000)
  eden space 17920K, 79% used [0x00000000eab00000,0x00000000eb8e4060,0x00000000ebc80000)
  from space 1024K, 55% used [0x00000000ebe80000,0x00000000ebf0e1b8,0x00000000ebf80000)
  to   space 1024K, 0% used [0x00000000ebd80000,0x00000000ebd80000,0x00000000ebe80000)
 ParOldGen       total 68608K, used 38937K [0x00000000c0000000, 0x00000000c4300000, 0x00000000eab00000)
  object space 68608K, 56% used [0x00000000c0000000,0x00000000c2606698,0x00000000c4300000)
 Metaspace       used 62453K, committed 63808K, reserved 1114112K
  class space    used 7643K, committed 8256K, reserved 1048576K
}
Event: 151.562 GC heap after
{Heap after GC invocations=52 (full 3):
 PSYoungGen      total 18432K, used 512K [0x00000000eab00000, 0x00000000ebf00000, 0x0000000100000000)
  eden space 17920K, 0% used [0x00000000eab00000,0x00000000eab00000,0x00000000ebc80000)
  from space 512K, 100% used [0x00000000ebd80000,0x00000000ebe00000,0x00000000ebe00000)
  to   space 1024K, 0% used [0x00000000ebe00000,0x00000000ebe00000,0x00000000ebf00000)
 ParOldGen       total 68608K, used 43883K [0x00000000c0000000, 0x00000000c4300000, 0x00000000eab00000)
  object space 68608K, 63% used [0x00000000c0000000,0x00000000c2adad40,0x00000000c4300000)
 Metaspace       used 62453K, committed 63808K, reserved 1114112K
  class space    used 7643K, committed 8256K, reserved 1048576K
}

