# JRE version: OpenJDK Runtime Environment (8.0_432-b06) (build 1.8.0_432-b06)
# Java VM: OpenJDK 64-Bit Server VM (25.432-b06 mixed mode windows-amd64 compressed oops)
Heap:
 PSYoungGen      total 198656K, used 83945K [0x00000000e0000000, 0x00000000ef980000, 0x0000000100000000)
  eden space 187392K, 38% used [0x00000000e0000000,0x00000000e46fd3b0,0x00000000eb700000)
  from space 11264K, 99% used [0x00000000eb700000,0x00000000ec1fd0c0,0x00000000ec200000)
  to   space 18432K, 0% used [0x00000000ee780000,0x00000000ee780000,0x00000000ef980000)
 ParOldGen       total 132608K, used 40890K [0x00000000a0000000, 0x00000000a8180000, 0x00000000e0000000)
  object space 132608K, 30% used [0x00000000a0000000,0x00000000a27eea00,0x00000000a8180000)
 Metaspace       used 69587K, capacity 73248K, committed 73600K, reserved 1112064K
  class space    used 9822K, capacity 10505K, committed 10624K, reserved 1048576K
GC Heap History (10 events):
Event: 5.851 GC heap before
{Heap before GC invocations=10 (full 2):
 PSYoungGen      total 122880K, used 110592K [0x00000000e0000000, 0x00000000ed080000, 0x0000000100000000)
  eden space 110592K, 100% used [0x00000000e0000000,0x00000000e6c00000,0x00000000e6c00000)
  from space 12288K, 0% used [0x00000000e6c00000,0x00000000e6c00000,0x00000000e7800000)
  to   space 11776K, 0% used [0x00000000ec500000,0x00000000ec500000,0x00000000ed080000)
 ParOldGen       total 132608K, used 14691K [0x00000000a0000000, 0x00000000a8180000, 0x00000000e0000000)
  object space 132608K, 11% used [0x00000000a0000000,0x00000000a0e58dc8,0x00000000a8180000)
 Metaspace       used 38015K, capacity 39752K, committed 40064K, reserved 1083392K
  class space    used 5370K, capacity 5697K, committed 5760K, reserved 1048576K
Event: 5.857 GC heap after
Heap after GC invocations=10 (full 2):
 PSYoungGen      total 176640K, used 7795K [0x00000000e0000000, 0x00000000ecd00000, 0x0000000100000000)
  eden space 168448K, 0% used [0x00000000e0000000,0x00000000e0000000,0x00000000ea480000)
  from space 8192K, 95% used [0x00000000ec500000,0x00000000ecc9cfd0,0x00000000ecd00000)
  to   space 11264K, 0% used [0x00000000eb700000,0x00000000eb700000,0x00000000ec200000)
 ParOldGen       total 132608K, used 14699K [0x00000000a0000000, 0x00000000a8180000, 0x00000000e0000000)
  object space 132608K, 11% used [0x00000000a0000000,0x00000000a0e5adc8,0x00000000a8180000)
 Metaspace       used 38015K, capacity 39752K, committed 40064K, reserved 1083392K
  class space    used 5370K, capacity 5697K, committed 5760K, reserved 1048576K
}
Event: 8.342 GC heap before
{Heap before GC invocations=11 (full 2):
 PSYoungGen      total 176640K, used 176243K [0x00000000e0000000, 0x00000000ecd00000, 0x0000000100000000)
  eden space 168448K, 100% used [0x00000000e0000000,0x00000000ea480000,0x00000000ea480000)
  from space 8192K, 95% used [0x00000000ec500000,0x00000000ecc9cfd0,0x00000000ecd00000)
  to   space 11264K, 0% used [0x00000000eb700000,0x00000000eb700000,0x00000000ec200000)
 ParOldGen       total 132608K, used 14699K [0x00000000a0000000, 0x00000000a8180000, 0x00000000e0000000)
  object space 132608K, 11% used [0x00000000a0000000,0x00000000a0e5adc8,0x00000000a8180000)
 Metaspace       used 54476K, capacity 56810K, committed 56960K, reserved 1097728K
  class space    used 7564K, capacity 8027K, committed 8064K, reserved 1048576K
Event: 8.363 GC heap after
Heap after GC invocations=11 (full 2):
 PSYoungGen      total 198656K, used 11252K [0x00000000e0000000, 0x00000000ef980000, 0x0000000100000000)
  eden space 187392K, 0% used [0x00000000e0000000,0x00000000e0000000,0x00000000eb700000)
  from space 11264K, 99% used [0x00000000eb700000,0x00000000ec1fd300,0x00000000ec200000)
  to   space 18432K, 0% used [0x00000000ee780000,0x00000000ee780000,0x00000000ef980000)
 ParOldGen       total 132608K, used 29531K [0x00000000a0000000, 0x00000000a8180000, 0x00000000e0000000)
  object space 132608K, 22% used [0x00000000a0000000,0x00000000a1cd6c38,0x00000000a8180000)
 Metaspace       used 54476K, capacity 56810K, committed 56960K, reserved 1097728K
  class space    used 7564K, capacity 8027K, committed 8064K, reserved 1048576K
}
Event: 8.718 GC heap before
{Heap before GC invocations=12 (full 2):
 PSYoungGen      total 198656K, used 39484K [0x00000000e0000000, 0x00000000ef980000, 0x0000000100000000)
  eden space 187392K, 15% used [0x00000000e0000000,0x00000000e1b91f98,0x00000000eb700000)
  from space 11264K, 99% used [0x00000000eb700000,0x00000000ec1fd300,0x00000000ec200000)
  to   space 18432K, 0% used [0x00000000ee780000,0x00000000ee780000,0x00000000ef980000)
 ParOldGen       total 132608K, used 29531K [0x00000000a0000000, 0x00000000a8180000, 0x00000000e0000000)
  object space 132608K, 22% used [0x00000000a0000000,0x00000000a1cd6c38,0x00000000a8180000)
 Metaspace       used 56628K, capacity 59062K, committed 59136K, reserved 1099776K
  class space    used 7903K, capacity 8376K, committed 8448K, reserved 1048576K
Event: 9.921 GC heap after
Heap after GC invocations=12 (full 2):
 PSYoungGen      total 205824K, used 14227K [0x00000000e0000000, 0x00000000ef980000, 0x0000000100000000)
  eden space 187392K, 0% used [0x00000000e0000000,0x00000000e0000000,0x00000000eb700000)
  from space 18432K, 77% used [0x00000000ee780000,0x00000000ef564df8,0x00000000ef980000)
  to   space 11264K, 0% used [0x00000000eb700000,0x00000000eb700000,0x00000000ec200000)
 ParOldGen       total 132608K, used 29539K [0x00000000a0000000, 0x00000000a8180000, 0x00000000e0000000)
  object space 132608K, 22% used [0x00000000a0000000,0x00000000a1cd8c38,0x00000000a8180000)
 Metaspace       used 56628K, capacity 59062K, committed 59136K, reserved 1099776K
  class space    used 7903K, capacity 8376K, committed 8448K, reserved 1048576K
}
Event: 9.921 GC heap before
{Heap before GC invocations=13 (full 3):
 PSYoungGen      total 205824K, used 14227K [0x00000000e0000000, 0x00000000ef980000, 0x0000000100000000)
  eden space 187392K, 0% used [0x00000000e0000000,0x00000000e0000000,0x00000000eb700000)
  from space 18432K, 77% used [0x00000000ee780000,0x00000000ef564df8,0x00000000ef980000)
  to   space 11264K, 0% used [0x00000000eb700000,0x00000000eb700000,0x00000000ec200000)
 ParOldGen       total 132608K, used 29539K [0x00000000a0000000, 0x00000000a8180000, 0x00000000e0000000)
  object space 132608K, 22% used [0x00000000a0000000,0x00000000a1cd8c38,0x00000000a8180000)
 Metaspace       used 56628K, capacity 59062K, committed 59136K, reserved 1099776K
  class space    used 7903K, capacity 8376K, committed 8448K, reserved 1048576K
Event: 14.125 GC heap after
Heap after GC invocations=13 (full 3):
 PSYoungGen      total 205824K, used 0K [0x00000000e0000000, 0x00000000ef980000, 0x0000000100000000)
  eden space 187392K, 0% used [0x00000000e0000000,0x00000000e0000000,0x00000000eb700000)
  from space 18432K, 0% used [0x00000000ee780000,0x00000000ee780000,0x00000000ef980000)
  to   space 11264K, 0% used [0x00000000eb700000,0x00000000eb700000,0x00000000ec200000)
 ParOldGen       total 132608K, used 35612K [0x00000000a0000000, 0x00000000a8180000, 0x00000000e0000000)
  object space 132608K, 26% used [0x00000000a0000000,0x00000000a22c7268,0x00000000a8180000)
 Metaspace       used 56550K, capacity 58798K, committed 59136K, reserved 1099776K
  class space    used 7879K, capacity 8332K, committed 8448K, reserved 1048576K
}
Event: 16.946 GC heap before
{Heap before GC invocations=14 (full 3):
 PSYoungGen      total 205824K, used 187392K [0x00000000e0000000, 0x00000000ef980000, 0x0000000100000000)
  eden space 187392K, 100% used [0x00000000e0000000,0x00000000eb700000,0x00000000eb700000)
  from space 18432K, 0% used [0x00000000ee780000,0x00000000ee780000,0x00000000ef980000)
  to   space 11264K, 0% used [0x00000000eb700000,0x00000000eb700000,0x00000000ec200000)
 ParOldGen       total 132608K, used 35612K [0x00000000a0000000, 0x00000000a8180000, 0x00000000e0000000)
  object space 132608K, 26% used [0x00000000a0000000,0x00000000a22c7268,0x00000000a8180000)
 Metaspace       used 66793K, capacity 70334K, committed 70528K, reserved 1110016K
  class space    used 9469K, capacity 10092K, committed 10112K, reserved 1048576K
Event: 18.964 GC heap after
Heap after GC invocations=14 (full 3):
 PSYoungGen      total 198656K, used 11252K [0x00000000e0000000, 0x00000000ef980000, 0x0000000100000000)
  eden space 187392K, 0% used [0x00000000e0000000,0x00000000e0000000,0x00000000eb700000)
  from space 11264K, 99% used [0x00000000eb700000,0x00000000ec1fd0c0,0x00000000ec200000)
  to   space 18432K, 0% used [0x00000000ee780000,0x00000000ee780000,0x00000000ef980000)
 ParOldGen       total 132608K, used 40890K [0x00000000a0000000, 0x00000000a8180000, 0x00000000e0000000)
  object space 132608K, 30% used [0x00000000a0000000,0x00000000a27eea00,0x00000000a8180000)
 Metaspace       used 66793K, capacity 70334K, committed 70528K, reserved 1110016K
  class space    used 9469K, capacity 10092K, committed 10112K, reserved 1048576K
}

