# JRE version: OpenJDK Runtime Environment (8.0_432-b06) (build 1.8.0_432-b06)
# Java VM: OpenJDK 64-Bit Server VM (25.432-b06 mixed mode windows-amd64 compressed oops)
Heap:
 PSYoungGen      total 488960K, used 92446K [0x00000000e0000000, 0x0000000100000000, 0x0000000100000000)
  eden space 453632K, 18% used [0x00000000e0000000,0x00000000e521d868,0x00000000fbb00000)
  from space 35328K, 23% used [0x00000000fbb00000,0x00000000fc32a368,0x00000000fdd80000)
  to   space 34304K, 0% used [0x00000000fde80000,0x00000000fde80000,0x0000000100000000)
 ParOldGen       total 316416K, used 118814K [0x00000000a0000000, 0x00000000b3500000, 0x00000000e0000000)
  object space 316416K, 37% used [0x00000000a0000000,0x00000000a7407920,0x00000000b3500000)
 Metaspace       used 95824K, capacity 101054K, committed 103936K, reserved 1138688K
  class space    used 12657K, capacity 13559K, committed 14592K, reserved 1048576K
GC Heap History (10 events):
Event: 74.022 GC heap before
{Heap before GC invocations=23 (full 4):
 PSYoungGen      total 480768K, used 461655K [0x00000000e0000000, 0x00000000ff600000, 0x0000000100000000)
  eden space 446976K, 100% used [0x00000000e0000000,0x00000000fb480000,0x00000000fb480000)
  from space 33792K, 43% used [0x00000000fd400000,0x00000000fe255fd8,0x00000000ff500000)
  to   space 32256K, 0% used [0x00000000fb480000,0x00000000fb480000,0x00000000fd400000)
 ParOldGen       total 316416K, used 93724K [0x00000000a0000000, 0x00000000b3500000, 0x00000000e0000000)
  object space 316416K, 29% used [0x00000000a0000000,0x00000000a5b87058,0x00000000b3500000)
 Metaspace       used 93542K, capacity 98260K, committed 102144K, reserved 1136640K
  class space    used 12501K, capacity 13362K, committed 14592K, reserved 1048576K
Event: 74.039 GC heap after
Heap after GC invocations=23 (full 4):
 PSYoungGen      total 479232K, used 5056K [0x00000000e0000000, 0x00000000ffe80000, 0x0000000100000000)
  eden space 446976K, 0% used [0x00000000e0000000,0x00000000e0000000,0x00000000fb480000)
  from space 32256K, 15% used [0x00000000fb480000,0x00000000fb970010,0x00000000fd400000)
  to   space 32256K, 0% used [0x00000000fdf00000,0x00000000fdf00000,0x00000000ffe80000)
 ParOldGen       total 316416K, used 105540K [0x00000000a0000000, 0x00000000b3500000, 0x00000000e0000000)
  object space 316416K, 33% used [0x00000000a0000000,0x00000000a67110a0,0x00000000b3500000)
 Metaspace       used 93542K, capacity 98260K, committed 102144K, reserved 1136640K
  class space    used 12501K, capacity 13362K, committed 14592K, reserved 1048576K
}
Event: 74.702 GC heap before
{Heap before GC invocations=24 (full 4):
 PSYoungGen      total 479232K, used 452032K [0x00000000e0000000, 0x00000000ffe80000, 0x0000000100000000)
  eden space 446976K, 100% used [0x00000000e0000000,0x00000000fb480000,0x00000000fb480000)
  from space 32256K, 15% used [0x00000000fb480000,0x00000000fb970010,0x00000000fd400000)
  to   space 32256K, 0% used [0x00000000fdf00000,0x00000000fdf00000,0x00000000ffe80000)
 ParOldGen       total 316416K, used 105540K [0x00000000a0000000, 0x00000000b3500000, 0x00000000e0000000)
  object space 316416K, 33% used [0x00000000a0000000,0x00000000a67110a0,0x00000000b3500000)
 Metaspace       used 93599K, capacity 98336K, committed 102144K, reserved 1136640K
  class space    used 12502K, capacity 13364K, committed 14592K, reserved 1048576K
Event: 74.715 GC heap after
Heap after GC invocations=24 (full 4):
 PSYoungGen      total 491008K, used 5984K [0x00000000e0000000, 0x00000000fff00000, 0x0000000100000000)
  eden space 458752K, 0% used [0x00000000e0000000,0x00000000e0000000,0x00000000fc000000)
  from space 32256K, 18% used [0x00000000fdf00000,0x00000000fe4d8000,0x00000000ffe80000)
  to   space 31744K, 0% used [0x00000000fc000000,0x00000000fc000000,0x00000000fdf00000)
 ParOldGen       total 316416K, used 109674K [0x00000000a0000000, 0x00000000b3500000, 0x00000000e0000000)
  object space 316416K, 34% used [0x00000000a0000000,0x00000000a6b1a918,0x00000000b3500000)
 Metaspace       used 93599K, capacity 98336K, committed 102144K, reserved 1136640K
  class space    used 12502K, capacity 13364K, committed 14592K, reserved 1048576K
}
Event: 75.573 GC heap before
{Heap before GC invocations=25 (full 4):
 PSYoungGen      total 491008K, used 464736K [0x00000000e0000000, 0x00000000fff00000, 0x0000000100000000)
  eden space 458752K, 100% used [0x00000000e0000000,0x00000000fc000000,0x00000000fc000000)
  from space 32256K, 18% used [0x00000000fdf00000,0x00000000fe4d8000,0x00000000ffe80000)
  to   space 31744K, 0% used [0x00000000fc000000,0x00000000fc000000,0x00000000fdf00000)
 ParOldGen       total 316416K, used 109674K [0x00000000a0000000, 0x00000000b3500000, 0x00000000e0000000)
  object space 316416K, 34% used [0x00000000a0000000,0x00000000a6b1a918,0x00000000b3500000)
 Metaspace       used 93704K, capacity 98444K, committed 102400K, reserved 1136640K
  class space    used 12508K, capacity 13370K, committed 14592K, reserved 1048576K
Event: 75.587 GC heap after
Heap after GC invocations=25 (full 4):
 PSYoungGen      total 490496K, used 6628K [0x00000000e0000000, 0x00000000ffe80000, 0x0000000100000000)
  eden space 458752K, 0% used [0x00000000e0000000,0x00000000e0000000,0x00000000fc000000)
  from space 31744K, 20% used [0x00000000fc000000,0x00000000fc679068,0x00000000fdf00000)
  to   space 31232K, 0% used [0x00000000fe000000,0x00000000fe000000,0x00000000ffe80000)
 ParOldGen       total 316416K, used 113362K [0x00000000a0000000, 0x00000000b3500000, 0x00000000e0000000)
  object space 316416K, 35% used [0x00000000a0000000,0x00000000a6eb4b50,0x00000000b3500000)
 Metaspace       used 93704K, capacity 98444K, committed 102400K, reserved 1136640K
  class space    used 12508K, capacity 13370K, committed 14592K, reserved 1048576K
}
Event: 76.771 GC heap before
{Heap before GC invocations=26 (full 4):
 PSYoungGen      total 490496K, used 465380K [0x00000000e0000000, 0x00000000ffe80000, 0x0000000100000000)
  eden space 458752K, 100% used [0x00000000e0000000,0x00000000fc000000,0x00000000fc000000)
  from space 31744K, 20% used [0x00000000fc000000,0x00000000fc679068,0x00000000fdf00000)
  to   space 31232K, 0% used [0x00000000fe000000,0x00000000fe000000,0x00000000ffe80000)
 ParOldGen       total 316416K, used 113362K [0x00000000a0000000, 0x00000000b3500000, 0x00000000e0000000)
  object space 316416K, 35% used [0x00000000a0000000,0x00000000a6eb4b50,0x00000000b3500000)
 Metaspace       used 94241K, capacity 99178K, committed 102912K, reserved 1138688K
  class space    used 12548K, capacity 13419K, committed 14592K, reserved 1048576K
Event: 76.799 GC heap after
Heap after GC invocations=26 (full 4):
 PSYoungGen      total 484864K, used 28066K [0x00000000e0000000, 0x0000000100000000, 0x0000000100000000)
  eden space 453632K, 0% used [0x00000000e0000000,0x00000000e0000000,0x00000000fbb00000)
  from space 31232K, 89% used [0x00000000fe000000,0x00000000ffb68a08,0x00000000ffe80000)
  to   space 35328K, 0% used [0x00000000fbb00000,0x00000000fbb00000,0x00000000fdd80000)
 ParOldGen       total 316416K, used 116262K [0x00000000a0000000, 0x00000000b3500000, 0x00000000e0000000)
  object space 316416K, 36% used [0x00000000a0000000,0x00000000a7189820,0x00000000b3500000)
 Metaspace       used 94241K, capacity 99178K, committed 102912K, reserved 1138688K
  class space    used 12548K, capacity 13419K, committed 14592K, reserved 1048576K
}
Event: 1002.354 GC heap before
{Heap before GC invocations=27 (full 4):
 PSYoungGen      total 484864K, used 481698K [0x00000000e0000000, 0x0000000100000000, 0x0000000100000000)
  eden space 453632K, 100% used [0x00000000e0000000,0x00000000fbb00000,0x00000000fbb00000)
  from space 31232K, 89% used [0x00000000fe000000,0x00000000ffb68a08,0x00000000ffe80000)
  to   space 35328K, 0% used [0x00000000fbb00000,0x00000000fbb00000,0x00000000fdd80000)
 ParOldGen       total 316416K, used 116262K [0x00000000a0000000, 0x00000000b3500000, 0x00000000e0000000)
  object space 316416K, 36% used [0x00000000a0000000,0x00000000a7189820,0x00000000b3500000)
 Metaspace       used 95649K, capacity 100830K, committed 103936K, reserved 1138688K
  class space    used 12655K, capacity 13555K, committed 14592K, reserved 1048576K
Event: 1002.549 GC heap after
Heap after GC invocations=27 (full 4):
 PSYoungGen      total 488960K, used 8360K [0x00000000e0000000, 0x0000000100000000, 0x0000000100000000)
  eden space 453632K, 0% used [0x00000000e0000000,0x00000000e0000000,0x00000000fbb00000)
  from space 35328K, 23% used [0x00000000fbb00000,0x00000000fc32a368,0x00000000fdd80000)
  to   space 34304K, 0% used [0x00000000fde80000,0x00000000fde80000,0x0000000100000000)
 ParOldGen       total 316416K, used 118814K [0x00000000a0000000, 0x00000000b3500000, 0x00000000e0000000)
  object space 316416K, 37% used [0x00000000a0000000,0x00000000a7407920,0x00000000b3500000)
 Metaspace       used 95649K, capacity 100830K, committed 103936K, reserved 1138688K
  class space    used 12655K, capacity 13555K, committed 14592K, reserved 1048576K
}

