# JRE version: OpenJDK Runtime Environment Temurin-21.0.5+11 (21.0.5+11) (build 21.0.5+11-LTS)
# Java VM: OpenJDK 64-Bit Server VM Temurin-21.0.5+11 (21.0.5+11-LTS, mixed mode, sharing, tiered, compressed oops, compressed class ptrs, parallel gc, windows-amd64)
GC Precious Log:
 CardTable entry size: 512
 CPUs: 12 total, 12 available
 Memory: 16145M
 Large Page Support: Disabled
 NUMA Support: Disabled
 Compressed Oops: Enabled (32-bit)
 Alignments: Space 512K, Generation 512K, Heap 2M
 Heap Min Capacity: 100M
 Heap Initial Capacity: 100M
 Heap Max Capacity: 1G
 Pre-touch: Disabled
 Parallel Workers: 10
Heap:
 PSYoungGen      total 19456K, used 5187K [0x00000000eab00000, 0x00000000ebf00000, 0x0000000100000000)
  eden space 18432K, 24% used [0x00000000eab00000,0x00000000eaf7a668,0x00000000ebd00000)
  from space 1024K, 58% used [0x00000000ebe00000,0x00000000ebe96658,0x00000000ebf00000)
  to   space 1024K, 0% used [0x00000000ebd00000,0x00000000ebd00000,0x00000000ebe00000)
 ParOldGen       total 68608K, used 35344K [0x00000000c0000000, 0x00000000c4300000, 0x00000000eab00000)
  object space 68608K, 51% used [0x00000000c0000000,0x00000000c2284330,0x00000000c4300000)
 Metaspace       used 61149K, committed 62464K, reserved 1114112K
  class space    used 7514K, committed 8128K, reserved 1048576K
GC Heap History (20 events):
Event: 12.926 GC heap before
{Heap before GC invocations=36 (full 2):
 PSYoungGen      total 20480K, used 19883K [0x00000000eab00000, 0x00000000ec080000, 0x0000000100000000)
  eden space 18944K, 100% used [0x00000000eab00000,0x00000000ebd80000,0x00000000ebd80000)
  from space 1536K, 61% used [0x00000000ebd80000,0x00000000ebe6aea0,0x00000000ebf00000)
  to   space 1536K, 0% used [0x00000000ebf00000,0x00000000ebf00000,0x00000000ec080000)
 ParOldGen       total 68608K, used 38153K [0x00000000c0000000, 0x00000000c4300000, 0x00000000eab00000)
  object space 68608K, 55% used [0x00000000c0000000,0x00000000c2542430,0x00000000c4300000)
 Metaspace       used 58284K, committed 59648K, reserved 1114112K
  class space    used 7201K, committed 7808K, reserved 1048576K
}
Event: 12.927 GC heap after
{Heap after GC invocations=36 (full 2):
 PSYoungGen      total 19456K, used 325K [0x00000000eab00000, 0x00000000ebf80000, 0x0000000100000000)
  eden space 18944K, 0% used [0x00000000eab00000,0x00000000eab00000,0x00000000ebd80000)
  from space 512K, 63% used [0x00000000ebf00000,0x00000000ebf514e8,0x00000000ebf80000)
  to   space 1024K, 0% used [0x00000000ebd80000,0x00000000ebd80000,0x00000000ebe80000)
 ParOldGen       total 68608K, used 38233K [0x00000000c0000000, 0x00000000c4300000, 0x00000000eab00000)
  object space 68608K, 55% used [0x00000000c0000000,0x00000000c2556430,0x00000000c4300000)
 Metaspace       used 58284K, committed 59648K, reserved 1114112K
  class space    used 7201K, committed 7808K, reserved 1048576K
}
Event: 13.076 GC heap before
{Heap before GC invocations=37 (full 2):
 PSYoungGen      total 19456K, used 19269K [0x00000000eab00000, 0x00000000ebf80000, 0x0000000100000000)
  eden space 18944K, 100% used [0x00000000eab00000,0x00000000ebd80000,0x00000000ebd80000)
  from space 512K, 63% used [0x00000000ebf00000,0x00000000ebf514e8,0x00000000ebf80000)
  to   space 1024K, 0% used [0x00000000ebd80000,0x00000000ebd80000,0x00000000ebe80000)
 ParOldGen       total 68608K, used 38233K [0x00000000c0000000, 0x00000000c4300000, 0x00000000eab00000)
  object space 68608K, 55% used [0x00000000c0000000,0x00000000c2556430,0x00000000c4300000)
 Metaspace       used 58284K, committed 59648K, reserved 1114112K
  class space    used 7201K, committed 7808K, reserved 1048576K
}
Event: 13.076 GC heap after
{Heap after GC invocations=37 (full 2):
 PSYoungGen      total 19968K, used 1008K [0x00000000eab00000, 0x00000000ec080000, 0x0000000100000000)
  eden space 18944K, 0% used [0x00000000eab00000,0x00000000eab00000,0x00000000ebd80000)
  from space 1024K, 98% used [0x00000000ebd80000,0x00000000ebe7c200,0x00000000ebe80000)
  to   space 1536K, 0% used [0x00000000ebf00000,0x00000000ebf00000,0x00000000ec080000)
 ParOldGen       total 68608K, used 38339K [0x00000000c0000000, 0x00000000c4300000, 0x00000000eab00000)
  object space 68608K, 55% used [0x00000000c0000000,0x00000000c2570f28,0x00000000c4300000)
 Metaspace       used 58284K, committed 59648K, reserved 1114112K
  class space    used 7201K, committed 7808K, reserved 1048576K
}
Event: 13.249 GC heap before
{Heap before GC invocations=38 (full 2):
 PSYoungGen      total 19968K, used 19952K [0x00000000eab00000, 0x00000000ec080000, 0x0000000100000000)
  eden space 18944K, 100% used [0x00000000eab00000,0x00000000ebd80000,0x00000000ebd80000)
  from space 1024K, 98% used [0x00000000ebd80000,0x00000000ebe7c200,0x00000000ebe80000)
  to   space 1536K, 0% used [0x00000000ebf00000,0x00000000ebf00000,0x00000000ec080000)
 ParOldGen       total 68608K, used 38339K [0x00000000c0000000, 0x00000000c4300000, 0x00000000eab00000)
  object space 68608K, 55% used [0x00000000c0000000,0x00000000c2570f28,0x00000000c4300000)
 Metaspace       used 58284K, committed 59648K, reserved 1114112K
  class space    used 7201K, committed 7808K, reserved 1048576K
}
Event: 13.250 GC heap after
{Heap after GC invocations=38 (full 2):
 PSYoungGen      total 20480K, used 1255K [0x00000000eab00000, 0x00000000ec080000, 0x0000000100000000)
  eden space 18944K, 0% used [0x00000000eab00000,0x00000000eab00000,0x00000000ebd80000)
  from space 1536K, 81% used [0x00000000ebf00000,0x00000000ec039d18,0x00000000ec080000)
  to   space 1536K, 0% used [0x00000000ebd80000,0x00000000ebd80000,0x00000000ebf00000)
 ParOldGen       total 68608K, used 38419K [0x00000000c0000000, 0x00000000c4300000, 0x00000000eab00000)
  object space 68608K, 55% used [0x00000000c0000000,0x00000000c2584f38,0x00000000c4300000)
 Metaspace       used 58284K, committed 59648K, reserved 1114112K
  class space    used 7201K, committed 7808K, reserved 1048576K
}
Event: 13.416 GC heap before
{Heap before GC invocations=39 (full 2):
 PSYoungGen      total 20480K, used 20199K [0x00000000eab00000, 0x00000000ec080000, 0x0000000100000000)
  eden space 18944K, 100% used [0x00000000eab00000,0x00000000ebd80000,0x00000000ebd80000)
  from space 1536K, 81% used [0x00000000ebf00000,0x00000000ec039d18,0x00000000ec080000)
  to   space 1536K, 0% used [0x00000000ebd80000,0x00000000ebd80000,0x00000000ebf00000)
 ParOldGen       total 68608K, used 38419K [0x00000000c0000000, 0x00000000c4300000, 0x00000000eab00000)
  object space 68608K, 55% used [0x00000000c0000000,0x00000000c2584f38,0x00000000c4300000)
 Metaspace       used 58284K, committed 59648K, reserved 1114112K
  class space    used 7201K, committed 7808K, reserved 1048576K
}
Event: 13.417 GC heap after
{Heap after GC invocations=39 (full 2):
 PSYoungGen      total 19456K, used 352K [0x00000000eab00000, 0x00000000ebf80000, 0x0000000100000000)
  eden space 18944K, 0% used [0x00000000eab00000,0x00000000eab00000,0x00000000ebd80000)
  from space 512K, 68% used [0x00000000ebd80000,0x00000000ebdd8000,0x00000000ebe00000)
  to   space 1024K, 0% used [0x00000000ebe80000,0x00000000ebe80000,0x00000000ebf80000)
 ParOldGen       total 68608K, used 38467K [0x00000000c0000000, 0x00000000c4300000, 0x00000000eab00000)
  object space 68608K, 56% used [0x00000000c0000000,0x00000000c2590f38,0x00000000c4300000)
 Metaspace       used 58284K, committed 59648K, reserved 1114112K
  class space    used 7201K, committed 7808K, reserved 1048576K
}
Event: 13.561 GC heap before
{Heap before GC invocations=40 (full 2):
 PSYoungGen      total 19456K, used 19296K [0x00000000eab00000, 0x00000000ebf80000, 0x0000000100000000)
  eden space 18944K, 100% used [0x00000000eab00000,0x00000000ebd80000,0x00000000ebd80000)
  from space 512K, 68% used [0x00000000ebd80000,0x00000000ebdd8000,0x00000000ebe00000)
  to   space 1024K, 0% used [0x00000000ebe80000,0x00000000ebe80000,0x00000000ebf80000)
 ParOldGen       total 68608K, used 38467K [0x00000000c0000000, 0x00000000c4300000, 0x00000000eab00000)
  object space 68608K, 56% used [0x00000000c0000000,0x00000000c2590f38,0x00000000c4300000)
 Metaspace       used 58284K, committed 59648K, reserved 1114112K
  class space    used 7201K, committed 7808K, reserved 1048576K
}
Event: 13.562 GC heap after
{Heap after GC invocations=40 (full 2):
 PSYoungGen      total 19456K, used 256K [0x00000000eab00000, 0x00000000ebf00000, 0x0000000100000000)
  eden space 18944K, 0% used [0x00000000eab00000,0x00000000eab00000,0x00000000ebd80000)
  from space 512K, 50% used [0x00000000ebe80000,0x00000000ebec0000,0x00000000ebf00000)
  to   space 512K, 0% used [0x00000000ebd80000,0x00000000ebd80000,0x00000000ebe00000)
 ParOldGen       total 68608K, used 38618K [0x00000000c0000000, 0x00000000c4300000, 0x00000000eab00000)
  object space 68608K, 56% used [0x00000000c0000000,0x00000000c25b6958,0x00000000c4300000)
 Metaspace       used 58284K, committed 59648K, reserved 1114112K
  class space    used 7201K, committed 7808K, reserved 1048576K
}
Event: 13.623 GC heap before
{Heap before GC invocations=41 (full 2):
 PSYoungGen      total 19456K, used 4051K [0x00000000eab00000, 0x00000000ebf00000, 0x0000000100000000)
  eden space 18944K, 20% used [0x00000000eab00000,0x00000000eaeb4f18,0x00000000ebd80000)
  from space 512K, 50% used [0x00000000ebe80000,0x00000000ebec0000,0x00000000ebf00000)
  to   space 512K, 0% used [0x00000000ebd80000,0x00000000ebd80000,0x00000000ebe00000)
 ParOldGen       total 68608K, used 38618K [0x00000000c0000000, 0x00000000c4300000, 0x00000000eab00000)
  object space 68608K, 56% used [0x00000000c0000000,0x00000000c25b6958,0x00000000c4300000)
 Metaspace       used 58492K, committed 59776K, reserved 1114112K
  class space    used 7232K, committed 7808K, reserved 1048576K
}
Event: 13.624 GC heap after
{Heap after GC invocations=41 (full 2):
 PSYoungGen      total 19456K, used 320K [0x00000000eab00000, 0x00000000ebf00000, 0x0000000100000000)
  eden space 18944K, 0% used [0x00000000eab00000,0x00000000eab00000,0x00000000ebd80000)
  from space 512K, 62% used [0x00000000ebd80000,0x00000000ebdd0000,0x00000000ebe00000)
  to   space 512K, 0% used [0x00000000ebe80000,0x00000000ebe80000,0x00000000ebf00000)
 ParOldGen       total 68608K, used 38714K [0x00000000c0000000, 0x00000000c4300000, 0x00000000eab00000)
  object space 68608K, 56% used [0x00000000c0000000,0x00000000c25ce968,0x00000000c4300000)
 Metaspace       used 58492K, committed 59776K, reserved 1114112K
  class space    used 7232K, committed 7808K, reserved 1048576K
}
Event: 13.624 GC heap before
{Heap before GC invocations=42 (full 3):
 PSYoungGen      total 19456K, used 320K [0x00000000eab00000, 0x00000000ebf00000, 0x0000000100000000)
  eden space 18944K, 0% used [0x00000000eab00000,0x00000000eab00000,0x00000000ebd80000)
  from space 512K, 62% used [0x00000000ebd80000,0x00000000ebdd0000,0x00000000ebe00000)
  to   space 512K, 0% used [0x00000000ebe80000,0x00000000ebe80000,0x00000000ebf00000)
 ParOldGen       total 68608K, used 38714K [0x00000000c0000000, 0x00000000c4300000, 0x00000000eab00000)
  object space 68608K, 56% used [0x00000000c0000000,0x00000000c25ce968,0x00000000c4300000)
 Metaspace       used 58492K, committed 59776K, reserved 1114112K
  class space    used 7232K, committed 7808K, reserved 1048576K
}
Event: 13.684 GC heap after
{Heap after GC invocations=42 (full 3):
 PSYoungGen      total 19456K, used 0K [0x00000000eab00000, 0x00000000ebf00000, 0x0000000100000000)
  eden space 18944K, 0% used [0x00000000eab00000,0x00000000eab00000,0x00000000ebd80000)
  from space 512K, 0% used [0x00000000ebd80000,0x00000000ebd80000,0x00000000ebe00000)
  to   space 512K, 0% used [0x00000000ebe80000,0x00000000ebe80000,0x00000000ebf00000)
 ParOldGen       total 68608K, used 34079K [0x00000000c0000000, 0x00000000c4300000, 0x00000000eab00000)
  object space 68608K, 49% used [0x00000000c0000000,0x00000000c2147dd8,0x00000000c4300000)
 Metaspace       used 58492K, committed 59776K, reserved 1114112K
  class space    used 7232K, committed 7808K, reserved 1048576K
}
Event: 19.085 GC heap before
{Heap before GC invocations=43 (full 3):
 PSYoungGen      total 19456K, used 18944K [0x00000000eab00000, 0x00000000ebf00000, 0x0000000100000000)
  eden space 18944K, 100% used [0x00000000eab00000,0x00000000ebd80000,0x00000000ebd80000)
  from space 512K, 0% used [0x00000000ebd80000,0x00000000ebd80000,0x00000000ebe00000)
  to   space 512K, 0% used [0x00000000ebe80000,0x00000000ebe80000,0x00000000ebf00000)
 ParOldGen       total 68608K, used 34079K [0x00000000c0000000, 0x00000000c4300000, 0x00000000eab00000)
  object space 68608K, 49% used [0x00000000c0000000,0x00000000c2147dd8,0x00000000c4300000)
 Metaspace       used 60295K, committed 61632K, reserved 1114112K
  class space    used 7440K, committed 8064K, reserved 1048576K
}
Event: 19.086 GC heap after
{Heap after GC invocations=43 (full 3):
 PSYoungGen      total 18944K, used 512K [0x00000000eab00000, 0x00000000ec080000, 0x0000000100000000)
  eden space 18432K, 0% used [0x00000000eab00000,0x00000000eab00000,0x00000000ebd00000)
  from space 512K, 100% used [0x00000000ebe80000,0x00000000ebf00000,0x00000000ebf00000)
  to   space 1536K, 0% used [0x00000000ebd00000,0x00000000ebd00000,0x00000000ebe80000)
 ParOldGen       total 68608K, used 34691K [0x00000000c0000000, 0x00000000c4300000, 0x00000000eab00000)
  object space 68608K, 50% used [0x00000000c0000000,0x00000000c21e0de8,0x00000000c4300000)
 Metaspace       used 60295K, committed 61632K, reserved 1114112K
  class space    used 7440K, committed 8064K, reserved 1048576K
}
Event: 29.040 GC heap before
{Heap before GC invocations=44 (full 3):
 PSYoungGen      total 18944K, used 18944K [0x00000000eab00000, 0x00000000ec080000, 0x0000000100000000)
  eden space 18432K, 100% used [0x00000000eab00000,0x00000000ebd00000,0x00000000ebd00000)
  from space 512K, 100% used [0x00000000ebe80000,0x00000000ebf00000,0x00000000ebf00000)
  to   space 1536K, 0% used [0x00000000ebd00000,0x00000000ebd00000,0x00000000ebe80000)
 ParOldGen       total 68608K, used 34691K [0x00000000c0000000, 0x00000000c4300000, 0x00000000eab00000)
  object space 68608K, 50% used [0x00000000c0000000,0x00000000c21e0de8,0x00000000c4300000)
 Metaspace       used 60372K, committed 61696K, reserved 1114112K
  class space    used 7440K, committed 8064K, reserved 1048576K
}
Event: 29.041 GC heap after
{Heap after GC invocations=44 (full 3):
 PSYoungGen      total 18944K, used 352K [0x00000000eab00000, 0x00000000ebf00000, 0x0000000100000000)
  eden space 18432K, 0% used [0x00000000eab00000,0x00000000eab00000,0x00000000ebd00000)
  from space 512K, 68% used [0x00000000ebd00000,0x00000000ebd58000,0x00000000ebd80000)
  to   space 1024K, 0% used [0x00000000ebe00000,0x00000000ebe00000,0x00000000ebf00000)
 ParOldGen       total 68608K, used 35240K [0x00000000c0000000, 0x00000000c4300000, 0x00000000eab00000)
  object space 68608K, 51% used [0x00000000c0000000,0x00000000c226a330,0x00000000c4300000)
 Metaspace       used 60372K, committed 61696K, reserved 1114112K
  class space    used 7440K, committed 8064K, reserved 1048576K
}
Event: 38.396 GC heap before
{Heap before GC invocations=45 (full 3):
 PSYoungGen      total 18944K, used 18784K [0x00000000eab00000, 0x00000000ebf00000, 0x0000000100000000)
  eden space 18432K, 100% used [0x00000000eab00000,0x00000000ebd00000,0x00000000ebd00000)
  from space 512K, 68% used [0x00000000ebd00000,0x00000000ebd58000,0x00000000ebd80000)
  to   space 1024K, 0% used [0x00000000ebe00000,0x00000000ebe00000,0x00000000ebf00000)
 ParOldGen       total 68608K, used 35240K [0x00000000c0000000, 0x00000000c4300000, 0x00000000eab00000)
  object space 68608K, 51% used [0x00000000c0000000,0x00000000c226a330,0x00000000c4300000)
 Metaspace       used 60891K, committed 62208K, reserved 1114112K
  class space    used 7492K, committed 8064K, reserved 1048576K
}
Event: 38.397 GC heap after
{Heap after GC invocations=45 (full 3):
 PSYoungGen      total 19456K, used 601K [0x00000000eab00000, 0x00000000ebf00000, 0x0000000100000000)
  eden space 18432K, 0% used [0x00000000eab00000,0x00000000eab00000,0x00000000ebd00000)
  from space 1024K, 58% used [0x00000000ebe00000,0x00000000ebe96658,0x00000000ebf00000)
  to   space 1024K, 0% used [0x00000000ebd00000,0x00000000ebd00000,0x00000000ebe00000)
 ParOldGen       total 68608K, used 35344K [0x00000000c0000000, 0x00000000c4300000, 0x00000000eab00000)
  object space 68608K, 51% used [0x00000000c0000000,0x00000000c2284330,0x00000000c4300000)
 Metaspace       used 60891K, committed 62208K, reserved 1114112K
  class space    used 7492K, committed 8064K, reserved 1048576K
}

