# JRE version: OpenJDK Runtime Environment Temurin-21.0.5+11 (21.0.5+11) (build 21.0.5+11-LTS)
# Java VM: OpenJDK 64-Bit Server VM Temurin-21.0.5+11 (21.0.5+11-LTS, mixed mode, sharing, tiered, compressed oops, compressed class ptrs, parallel gc, windows-amd64)
GC Precious Log:
 CardTable entry size: 512
 CPUs: 12 total, 12 available
 Memory: 16145M
 Large Page Support: Disabled
 NUMA Support: Disabled
 Compressed Oops: Enabled (32-bit)
 Alignments: Space 512K, Generation 512K, Heap 2M
 Heap Min Capacity: 100M
 Heap Initial Capacity: 100M
 Heap Max Capacity: 1G
 Pre-touch: Disabled
 Parallel Workers: 10
Heap:
 PSYoungGen      total 23040K, used 4523K [0x00000000eab00000, 0x00000000ec480000, 0x0000000100000000)
  eden space 22016K, 15% used [0x00000000eab00000,0x00000000eae70288,0x00000000ec080000)
  from space 1024K, 97% used [0x00000000ec080000,0x00000000ec17ab30,0x00000000ec180000)
  to   space 2048K, 0% used [0x00000000ec280000,0x00000000ec280000,0x00000000ec480000)
 ParOldGen       total 68608K, used 35724K [0x00000000c0000000, 0x00000000c4300000, 0x00000000eab00000)
  object space 68608K, 52% used [0x00000000c0000000,0x00000000c22e3210,0x00000000c4300000)
 Metaspace       used 61256K, committed 62592K, reserved 1114112K
  class space    used 7521K, committed 8128K, reserved 1048576K
GC Heap History (20 events):
Event: 11.590 GC heap before
{Heap before GC invocations=33 (full 2):
 PSYoungGen      total 22528K, used 22525K [0x00000000eab00000, 0x00000000ec400000, 0x0000000100000000)
  eden space 22016K, 100% used [0x00000000eab00000,0x00000000ec080000,0x00000000ec080000)
  from space 512K, 99% used [0x00000000ec380000,0x00000000ec3ff538,0x00000000ec400000)
  to   space 1536K, 0% used [0x00000000ec100000,0x00000000ec100000,0x00000000ec280000)
 ParOldGen       total 68608K, used 37540K [0x00000000c0000000, 0x00000000c4300000, 0x00000000eab00000)
  object space 68608K, 54% used [0x00000000c0000000,0x00000000c24a9348,0x00000000c4300000)
 Metaspace       used 58008K, committed 59264K, reserved 1114112K
  class space    used 7173K, committed 7744K, reserved 1048576K
}
Event: 11.590 GC heap after
{Heap after GC invocations=33 (full 2):
 PSYoungGen      total 23552K, used 1143K [0x00000000eab00000, 0x00000000ec400000, 0x0000000100000000)
  eden space 22016K, 0% used [0x00000000eab00000,0x00000000eab00000,0x00000000ec080000)
  from space 1536K, 74% used [0x00000000ec100000,0x00000000ec21dfb0,0x00000000ec280000)
  to   space 1536K, 0% used [0x00000000ec280000,0x00000000ec280000,0x00000000ec400000)
 ParOldGen       total 68608K, used 37588K [0x00000000c0000000, 0x00000000c4300000, 0x00000000eab00000)
  object space 68608K, 54% used [0x00000000c0000000,0x00000000c24b5348,0x00000000c4300000)
 Metaspace       used 58008K, committed 59264K, reserved 1114112K
  class space    used 7173K, committed 7744K, reserved 1048576K
}
Event: 11.709 GC heap before
{Heap before GC invocations=34 (full 2):
 PSYoungGen      total 23552K, used 23159K [0x00000000eab00000, 0x00000000ec400000, 0x0000000100000000)
  eden space 22016K, 100% used [0x00000000eab00000,0x00000000ec080000,0x00000000ec080000)
  from space 1536K, 74% used [0x00000000ec100000,0x00000000ec21dfb0,0x00000000ec280000)
  to   space 1536K, 0% used [0x00000000ec280000,0x00000000ec280000,0x00000000ec400000)
 ParOldGen       total 68608K, used 37588K [0x00000000c0000000, 0x00000000c4300000, 0x00000000eab00000)
  object space 68608K, 54% used [0x00000000c0000000,0x00000000c24b5348,0x00000000c4300000)
 Metaspace       used 58014K, committed 59328K, reserved 1114112K
  class space    used 7173K, committed 7744K, reserved 1048576K
}
Event: 11.709 GC heap after
{Heap after GC invocations=34 (full 2):
 PSYoungGen      total 23040K, used 825K [0x00000000eab00000, 0x00000000ec380000, 0x0000000100000000)
  eden space 22016K, 0% used [0x00000000eab00000,0x00000000eab00000,0x00000000ec080000)
  from space 1024K, 80% used [0x00000000ec280000,0x00000000ec34e650,0x00000000ec380000)
  to   space 1024K, 0% used [0x00000000ec180000,0x00000000ec180000,0x00000000ec280000)
 ParOldGen       total 68608K, used 37676K [0x00000000c0000000, 0x00000000c4300000, 0x00000000eab00000)
  object space 68608K, 54% used [0x00000000c0000000,0x00000000c24cb348,0x00000000c4300000)
 Metaspace       used 58014K, committed 59328K, reserved 1114112K
  class space    used 7173K, committed 7744K, reserved 1048576K
}
Event: 11.832 GC heap before
{Heap before GC invocations=35 (full 2):
 PSYoungGen      total 23040K, used 22841K [0x00000000eab00000, 0x00000000ec380000, 0x0000000100000000)
  eden space 22016K, 100% used [0x00000000eab00000,0x00000000ec080000,0x00000000ec080000)
  from space 1024K, 80% used [0x00000000ec280000,0x00000000ec34e650,0x00000000ec380000)
  to   space 1024K, 0% used [0x00000000ec180000,0x00000000ec180000,0x00000000ec280000)
 ParOldGen       total 68608K, used 37676K [0x00000000c0000000, 0x00000000c4300000, 0x00000000eab00000)
  object space 68608K, 54% used [0x00000000c0000000,0x00000000c24cb348,0x00000000c4300000)
 Metaspace       used 58014K, committed 59328K, reserved 1114112K
  class space    used 7173K, committed 7744K, reserved 1048576K
}
Event: 11.833 GC heap after
{Heap after GC invocations=35 (full 2):
 PSYoungGen      total 22528K, used 508K [0x00000000eab00000, 0x00000000ec300000, 0x0000000100000000)
  eden space 22016K, 0% used [0x00000000eab00000,0x00000000eab00000,0x00000000ec080000)
  from space 512K, 99% used [0x00000000ec180000,0x00000000ec1ff260,0x00000000ec200000)
  to   space 1024K, 0% used [0x00000000ec200000,0x00000000ec200000,0x00000000ec300000)
 ParOldGen       total 68608K, used 37708K [0x00000000c0000000, 0x00000000c4300000, 0x00000000eab00000)
  object space 68608K, 54% used [0x00000000c0000000,0x00000000c24d3348,0x00000000c4300000)
 Metaspace       used 58014K, committed 59328K, reserved 1114112K
  class space    used 7173K, committed 7744K, reserved 1048576K
}
Event: 11.952 GC heap before
{Heap before GC invocations=36 (full 2):
 PSYoungGen      total 22528K, used 22524K [0x00000000eab00000, 0x00000000ec300000, 0x0000000100000000)
  eden space 22016K, 100% used [0x00000000eab00000,0x00000000ec080000,0x00000000ec080000)
  from space 512K, 99% used [0x00000000ec180000,0x00000000ec1ff260,0x00000000ec200000)
  to   space 1024K, 0% used [0x00000000ec200000,0x00000000ec200000,0x00000000ec300000)
 ParOldGen       total 68608K, used 37708K [0x00000000c0000000, 0x00000000c4300000, 0x00000000eab00000)
  object space 68608K, 54% used [0x00000000c0000000,0x00000000c24d3348,0x00000000c4300000)
 Metaspace       used 58014K, committed 59328K, reserved 1114112K
  class space    used 7173K, committed 7744K, reserved 1048576K
}
Event: 11.953 GC heap after
{Heap after GC invocations=36 (full 2):
 PSYoungGen      total 22528K, used 320K [0x00000000eab00000, 0x00000000ec280000, 0x0000000100000000)
  eden space 22016K, 0% used [0x00000000eab00000,0x00000000eab00000,0x00000000ec080000)
  from space 512K, 62% used [0x00000000ec200000,0x00000000ec250000,0x00000000ec280000)
  to   space 512K, 0% used [0x00000000ec180000,0x00000000ec180000,0x00000000ec200000)
 ParOldGen       total 68608K, used 37809K [0x00000000c0000000, 0x00000000c4300000, 0x00000000eab00000)
  object space 68608K, 55% used [0x00000000c0000000,0x00000000c24ec418,0x00000000c4300000)
 Metaspace       used 58014K, committed 59328K, reserved 1114112K
  class space    used 7173K, committed 7744K, reserved 1048576K
}
Event: 12.056 GC heap before
{Heap before GC invocations=37 (full 2):
 PSYoungGen      total 22528K, used 22336K [0x00000000eab00000, 0x00000000ec280000, 0x0000000100000000)
  eden space 22016K, 100% used [0x00000000eab00000,0x00000000ec080000,0x00000000ec080000)
  from space 512K, 62% used [0x00000000ec200000,0x00000000ec250000,0x00000000ec280000)
  to   space 512K, 0% used [0x00000000ec180000,0x00000000ec180000,0x00000000ec200000)
 ParOldGen       total 68608K, used 37809K [0x00000000c0000000, 0x00000000c4300000, 0x00000000eab00000)
  object space 68608K, 55% used [0x00000000c0000000,0x00000000c24ec418,0x00000000c4300000)
 Metaspace       used 58014K, committed 59328K, reserved 1114112K
  class space    used 7173K, committed 7744K, reserved 1048576K
}
Event: 12.057 GC heap after
{Heap after GC invocations=37 (full 2):
 PSYoungGen      total 22528K, used 511K [0x00000000eab00000, 0x00000000ec380000, 0x0000000100000000)
  eden space 22016K, 0% used [0x00000000eab00000,0x00000000eab00000,0x00000000ec080000)
  from space 512K, 99% used [0x00000000ec180000,0x00000000ec1fffc8,0x00000000ec200000)
  to   space 1536K, 0% used [0x00000000ec200000,0x00000000ec200000,0x00000000ec380000)
 ParOldGen       total 68608K, used 38433K [0x00000000c0000000, 0x00000000c4300000, 0x00000000eab00000)
  object space 68608K, 56% used [0x00000000c0000000,0x00000000c25885b0,0x00000000c4300000)
 Metaspace       used 58014K, committed 59328K, reserved 1114112K
  class space    used 7173K, committed 7744K, reserved 1048576K
}
Event: 12.147 GC heap before
{Heap before GC invocations=38 (full 2):
 PSYoungGen      total 22528K, used 10024K [0x00000000eab00000, 0x00000000ec380000, 0x0000000100000000)
  eden space 22016K, 43% used [0x00000000eab00000,0x00000000eb44a048,0x00000000ec080000)
  from space 512K, 99% used [0x00000000ec180000,0x00000000ec1fffc8,0x00000000ec200000)
  to   space 1536K, 0% used [0x00000000ec200000,0x00000000ec200000,0x00000000ec380000)
 ParOldGen       total 68608K, used 38433K [0x00000000c0000000, 0x00000000c4300000, 0x00000000eab00000)
  object space 68608K, 56% used [0x00000000c0000000,0x00000000c25885b0,0x00000000c4300000)
 Metaspace       used 58479K, committed 59776K, reserved 1114112K
  class space    used 7245K, committed 7808K, reserved 1048576K
}
Event: 12.148 GC heap after
{Heap after GC invocations=38 (full 2):
 PSYoungGen      total 22528K, used 320K [0x00000000eab00000, 0x00000000ec280000, 0x0000000100000000)
  eden space 22016K, 0% used [0x00000000eab00000,0x00000000eab00000,0x00000000ec080000)
  from space 512K, 62% used [0x00000000ec200000,0x00000000ec250000,0x00000000ec280000)
  to   space 1024K, 0% used [0x00000000ec080000,0x00000000ec080000,0x00000000ec180000)
 ParOldGen       total 68608K, used 38473K [0x00000000c0000000, 0x00000000c4300000, 0x00000000eab00000)
  object space 68608K, 56% used [0x00000000c0000000,0x00000000c25925b0,0x00000000c4300000)
 Metaspace       used 58479K, committed 59776K, reserved 1114112K
  class space    used 7245K, committed 7808K, reserved 1048576K
}
Event: 12.148 GC heap before
{Heap before GC invocations=39 (full 3):
 PSYoungGen      total 22528K, used 320K [0x00000000eab00000, 0x00000000ec280000, 0x0000000100000000)
  eden space 22016K, 0% used [0x00000000eab00000,0x00000000eab00000,0x00000000ec080000)
  from space 512K, 62% used [0x00000000ec200000,0x00000000ec250000,0x00000000ec280000)
  to   space 1024K, 0% used [0x00000000ec080000,0x00000000ec080000,0x00000000ec180000)
 ParOldGen       total 68608K, used 38473K [0x00000000c0000000, 0x00000000c4300000, 0x00000000eab00000)
  object space 68608K, 56% used [0x00000000c0000000,0x00000000c25925b0,0x00000000c4300000)
 Metaspace       used 58479K, committed 59776K, reserved 1114112K
  class space    used 7245K, committed 7808K, reserved 1048576K
}
Event: 12.187 GC heap after
{Heap after GC invocations=39 (full 3):
 PSYoungGen      total 22528K, used 0K [0x00000000eab00000, 0x00000000ec280000, 0x0000000100000000)
  eden space 22016K, 0% used [0x00000000eab00000,0x00000000eab00000,0x00000000ec080000)
  from space 512K, 0% used [0x00000000ec200000,0x00000000ec200000,0x00000000ec280000)
  to   space 1024K, 0% used [0x00000000ec080000,0x00000000ec080000,0x00000000ec180000)
 ParOldGen       total 68608K, used 33884K [0x00000000c0000000, 0x00000000c4300000, 0x00000000eab00000)
  object space 68608K, 49% used [0x00000000c0000000,0x00000000c21172a8,0x00000000c4300000)
 Metaspace       used 58479K, committed 59776K, reserved 1114112K
  class space    used 7245K, committed 7808K, reserved 1048576K
}
Event: 28.667 GC heap before
{Heap before GC invocations=40 (full 3):
 PSYoungGen      total 22528K, used 22016K [0x00000000eab00000, 0x00000000ec280000, 0x0000000100000000)
  eden space 22016K, 100% used [0x00000000eab00000,0x00000000ec080000,0x00000000ec080000)
  from space 512K, 0% used [0x00000000ec200000,0x00000000ec200000,0x00000000ec280000)
  to   space 1024K, 0% used [0x00000000ec080000,0x00000000ec080000,0x00000000ec180000)
 ParOldGen       total 68608K, used 33884K [0x00000000c0000000, 0x00000000c4300000, 0x00000000eab00000)
  object space 68608K, 49% used [0x00000000c0000000,0x00000000c21172a8,0x00000000c4300000)
 Metaspace       used 60078K, committed 61376K, reserved 1114112K
  class space    used 7412K, committed 8000K, reserved 1048576K
}
Event: 28.669 GC heap after
{Heap after GC invocations=40 (full 3):
 PSYoungGen      total 23040K, used 1024K [0x00000000eab00000, 0x00000000ec380000, 0x0000000100000000)
  eden space 22016K, 0% used [0x00000000eab00000,0x00000000eab00000,0x00000000ec080000)
  from space 1024K, 100% used [0x00000000ec080000,0x00000000ec180000,0x00000000ec180000)
  to   space 1536K, 0% used [0x00000000ec200000,0x00000000ec200000,0x00000000ec380000)
 ParOldGen       total 68608K, used 33972K [0x00000000c0000000, 0x00000000c4300000, 0x00000000eab00000)
  object space 68608K, 49% used [0x00000000c0000000,0x00000000c212d2a8,0x00000000c4300000)
 Metaspace       used 60078K, committed 61376K, reserved 1114112K
  class space    used 7412K, committed 8000K, reserved 1048576K
}
Event: 32.325 GC heap before
{Heap before GC invocations=41 (full 3):
 PSYoungGen      total 23040K, used 23040K [0x00000000eab00000, 0x00000000ec380000, 0x0000000100000000)
  eden space 22016K, 100% used [0x00000000eab00000,0x00000000ec080000,0x00000000ec080000)
  from space 1024K, 100% used [0x00000000ec080000,0x00000000ec180000,0x00000000ec180000)
  to   space 1536K, 0% used [0x00000000ec200000,0x00000000ec200000,0x00000000ec380000)
 ParOldGen       total 68608K, used 33972K [0x00000000c0000000, 0x00000000c4300000, 0x00000000eab00000)
  object space 68608K, 49% used [0x00000000c0000000,0x00000000c212d2a8,0x00000000c4300000)
 Metaspace       used 61061K, committed 62400K, reserved 1114112K
  class space    used 7508K, committed 8064K, reserved 1048576K
}
Event: 32.326 GC heap after
{Heap after GC invocations=41 (full 3):
 PSYoungGen      total 23040K, used 720K [0x00000000eab00000, 0x00000000ec300000, 0x0000000100000000)
  eden space 22016K, 0% used [0x00000000eab00000,0x00000000eab00000,0x00000000ec080000)
  from space 1024K, 70% used [0x00000000ec200000,0x00000000ec2b4010,0x00000000ec300000)
  to   space 1024K, 0% used [0x00000000ec080000,0x00000000ec080000,0x00000000ec180000)
 ParOldGen       total 68608K, used 34942K [0x00000000c0000000, 0x00000000c4300000, 0x00000000eab00000)
  object space 68608K, 50% used [0x00000000c0000000,0x00000000c221f880,0x00000000c4300000)
 Metaspace       used 61061K, committed 62400K, reserved 1114112K
  class space    used 7508K, committed 8064K, reserved 1048576K
}
Event: 44.040 GC heap before
{Heap before GC invocations=42 (full 3):
 PSYoungGen      total 23040K, used 22736K [0x00000000eab00000, 0x00000000ec300000, 0x0000000100000000)
  eden space 22016K, 100% used [0x00000000eab00000,0x00000000ec080000,0x00000000ec080000)
  from space 1024K, 70% used [0x00000000ec200000,0x00000000ec2b4010,0x00000000ec300000)
  to   space 1024K, 0% used [0x00000000ec080000,0x00000000ec080000,0x00000000ec180000)
 ParOldGen       total 68608K, used 34942K [0x00000000c0000000, 0x00000000c4300000, 0x00000000eab00000)
  object space 68608K, 50% used [0x00000000c0000000,0x00000000c221f880,0x00000000c4300000)
 Metaspace       used 61231K, committed 62592K, reserved 1114112K
  class space    used 7520K, committed 8128K, reserved 1048576K
}
Event: 44.041 GC heap after
{Heap after GC invocations=42 (full 3):
 PSYoungGen      total 23040K, used 1002K [0x00000000eab00000, 0x00000000ec480000, 0x0000000100000000)
  eden space 22016K, 0% used [0x00000000eab00000,0x00000000eab00000,0x00000000ec080000)
  from space 1024K, 97% used [0x00000000ec080000,0x00000000ec17ab30,0x00000000ec180000)
  to   space 2048K, 0% used [0x00000000ec280000,0x00000000ec280000,0x00000000ec480000)
 ParOldGen       total 68608K, used 35724K [0x00000000c0000000, 0x00000000c4300000, 0x00000000eab00000)
  object space 68608K, 52% used [0x00000000c0000000,0x00000000c22e3210,0x00000000c4300000)
 Metaspace       used 61231K, committed 62592K, reserved 1114112K
  class space    used 7520K, committed 8128K, reserved 1048576K
}

