# JRE version: OpenJDK Runtime Environment Temurin-21.0.5+11 (21.0.5+11) (build 21.0.5+11-LTS)
# Java VM: OpenJDK 64-Bit Server VM Temurin-21.0.5+11 (21.0.5+11-LTS, mixed mode, sharing, tiered, compressed oops, compressed class ptrs, parallel gc, windows-amd64)
GC Precious Log:
 CardTable entry size: 512
 CPUs: 12 total, 12 available
 Memory: 16145M
 Large Page Support: Disabled
 NUMA Support: Disabled
 Compressed Oops: Enabled (32-bit)
 Alignments: Space 512K, Generation 512K, Heap 2M
 Heap Min Capacity: 100M
 Heap Initial Capacity: 100M
 Heap Max Capacity: 1G
 Pre-touch: Disabled
 Parallel Workers: 10
Heap:
 PSYoungGen      total 22528K, used 2718K [0x00000000eab00000, 0x00000000ec380000, 0x0000000100000000)
  eden space 22016K, 10% used [0x00000000eab00000,0x00000000ead27a68,0x00000000ec080000)
  from space 512K, 100% used [0x00000000ec280000,0x00000000ec300000,0x00000000ec300000)
  to   space 512K, 0% used [0x00000000ec300000,0x00000000ec300000,0x00000000ec380000)
 ParOldGen       total 68608K, used 21500K [0x00000000c0000000, 0x00000000c4300000, 0x00000000eab00000)
  object space 68608K, 31% used [0x00000000c0000000,0x00000000c14ff0e8,0x00000000c4300000)
 Metaspace       used 37929K, committed 38848K, reserved 1114112K
  class space    used 3717K, committed 4096K, reserved 1048576K
GC Heap History (20 events):
Event: 11.567 GC heap before
{Heap before GC invocations=10 (full 1):
 PSYoungGen      total 28160K, used 28148K [0x00000000eab00000, 0x00000000ecb80000, 0x0000000100000000)
  eden space 24064K, 100% used [0x00000000eab00000,0x00000000ec280000,0x00000000ec280000)
  from space 4096K, 99% used [0x00000000ec700000,0x00000000ecafd138,0x00000000ecb00000)
  to   space 4608K, 0% used [0x00000000ec280000,0x00000000ec280000,0x00000000ec700000)
 ParOldGen       total 68608K, used 9210K [0x00000000c0000000, 0x00000000c4300000, 0x00000000eab00000)
  object space 68608K, 13% used [0x00000000c0000000,0x00000000c08fe900,0x00000000c4300000)
 Metaspace       used 29505K, committed 30336K, reserved 1114112K
  class space    used 2877K, committed 3264K, reserved 1048576K
}
Event: 11.571 GC heap after
{Heap after GC invocations=10 (full 1):
 PSYoungGen      total 28160K, used 4210K [0x00000000eab00000, 0x00000000ecb00000, 0x0000000100000000)
  eden space 23552K, 0% used [0x00000000eab00000,0x00000000eab00000,0x00000000ec200000)
  from space 4608K, 91% used [0x00000000ec280000,0x00000000ec69ca58,0x00000000ec700000)
  to   space 4096K, 0% used [0x00000000ec700000,0x00000000ec700000,0x00000000ecb00000)
 ParOldGen       total 68608K, used 10780K [0x00000000c0000000, 0x00000000c4300000, 0x00000000eab00000)
  object space 68608K, 15% used [0x00000000c0000000,0x00000000c0a87320,0x00000000c4300000)
 Metaspace       used 29505K, committed 30336K, reserved 1114112K
  class space    used 2877K, committed 3264K, reserved 1048576K
}
Event: 11.793 GC heap before
{Heap before GC invocations=11 (full 1):
 PSYoungGen      total 28160K, used 27762K [0x00000000eab00000, 0x00000000ecb00000, 0x0000000100000000)
  eden space 23552K, 100% used [0x00000000eab00000,0x00000000ec200000,0x00000000ec200000)
  from space 4608K, 91% used [0x00000000ec280000,0x00000000ec69ca58,0x00000000ec700000)
  to   space 4096K, 0% used [0x00000000ec700000,0x00000000ec700000,0x00000000ecb00000)
 ParOldGen       total 68608K, used 10780K [0x00000000c0000000, 0x00000000c4300000, 0x00000000eab00000)
  object space 68608K, 15% used [0x00000000c0000000,0x00000000c0a87320,0x00000000c4300000)
 Metaspace       used 31217K, committed 32128K, reserved 1114112K
  class space    used 3058K, committed 3456K, reserved 1048576K
}
Event: 11.797 GC heap after
{Heap after GC invocations=11 (full 1):
 PSYoungGen      total 27136K, used 3723K [0x00000000eab00000, 0x00000000ecb00000, 0x0000000100000000)
  eden space 23040K, 0% used [0x00000000eab00000,0x00000000eab00000,0x00000000ec180000)
  from space 4096K, 90% used [0x00000000ec700000,0x00000000ecaa2e78,0x00000000ecb00000)
  to   space 4096K, 0% used [0x00000000ec300000,0x00000000ec300000,0x00000000ec700000)
 ParOldGen       total 68608K, used 13237K [0x00000000c0000000, 0x00000000c4300000, 0x00000000eab00000)
  object space 68608K, 19% used [0x00000000c0000000,0x00000000c0ced6c0,0x00000000c4300000)
 Metaspace       used 31217K, committed 32128K, reserved 1114112K
  class space    used 3058K, committed 3456K, reserved 1048576K
}
Event: 12.874 GC heap before
{Heap before GC invocations=12 (full 1):
 PSYoungGen      total 27136K, used 26763K [0x00000000eab00000, 0x00000000ecb00000, 0x0000000100000000)
  eden space 23040K, 100% used [0x00000000eab00000,0x00000000ec180000,0x00000000ec180000)
  from space 4096K, 90% used [0x00000000ec700000,0x00000000ecaa2e78,0x00000000ecb00000)
  to   space 4096K, 0% used [0x00000000ec300000,0x00000000ec300000,0x00000000ec700000)
 ParOldGen       total 68608K, used 13237K [0x00000000c0000000, 0x00000000c4300000, 0x00000000eab00000)
  object space 68608K, 19% used [0x00000000c0000000,0x00000000c0ced6c0,0x00000000c4300000)
 Metaspace       used 31302K, committed 32192K, reserved 1114112K
  class space    used 3065K, committed 3456K, reserved 1048576K
}
Event: 12.876 GC heap after
{Heap after GC invocations=12 (full 1):
 PSYoungGen      total 25088K, used 2161K [0x00000000eab00000, 0x00000000ec780000, 0x0000000100000000)
  eden space 22528K, 0% used [0x00000000eab00000,0x00000000eab00000,0x00000000ec100000)
  from space 2560K, 84% used [0x00000000ec300000,0x00000000ec51c410,0x00000000ec580000)
  to   space 2048K, 0% used [0x00000000ec580000,0x00000000ec580000,0x00000000ec780000)
 ParOldGen       total 68608K, used 16746K [0x00000000c0000000, 0x00000000c4300000, 0x00000000eab00000)
  object space 68608K, 24% used [0x00000000c0000000,0x00000000c105aa30,0x00000000c4300000)
 Metaspace       used 31302K, committed 32192K, reserved 1114112K
  class space    used 3065K, committed 3456K, reserved 1048576K
}
Event: 12.953 GC heap before
{Heap before GC invocations=13 (full 1):
 PSYoungGen      total 25088K, used 24689K [0x00000000eab00000, 0x00000000ec780000, 0x0000000100000000)
  eden space 22528K, 100% used [0x00000000eab00000,0x00000000ec100000,0x00000000ec100000)
  from space 2560K, 84% used [0x00000000ec300000,0x00000000ec51c410,0x00000000ec580000)
  to   space 2048K, 0% used [0x00000000ec580000,0x00000000ec580000,0x00000000ec780000)
 ParOldGen       total 68608K, used 16746K [0x00000000c0000000, 0x00000000c4300000, 0x00000000eab00000)
  object space 68608K, 24% used [0x00000000c0000000,0x00000000c105aa30,0x00000000c4300000)
 Metaspace       used 31466K, committed 32320K, reserved 1114112K
  class space    used 3082K, committed 3456K, reserved 1048576K
}
Event: 12.956 GC heap after
{Heap after GC invocations=13 (full 1):
 PSYoungGen      total 24064K, used 2043K [0x00000000eab00000, 0x00000000ec980000, 0x0000000100000000)
  eden space 22016K, 0% used [0x00000000eab00000,0x00000000eab00000,0x00000000ec080000)
  from space 2048K, 99% used [0x00000000ec580000,0x00000000ec77ec70,0x00000000ec780000)
  to   space 4608K, 0% used [0x00000000ec080000,0x00000000ec080000,0x00000000ec500000)
 ParOldGen       total 68608K, used 18656K [0x00000000c0000000, 0x00000000c4300000, 0x00000000eab00000)
  object space 68608K, 27% used [0x00000000c0000000,0x00000000c12382b0,0x00000000c4300000)
 Metaspace       used 31466K, committed 32320K, reserved 1114112K
  class space    used 3082K, committed 3456K, reserved 1048576K
}
Event: 13.187 GC heap before
{Heap before GC invocations=14 (full 1):
 PSYoungGen      total 24064K, used 24059K [0x00000000eab00000, 0x00000000ec980000, 0x0000000100000000)
  eden space 22016K, 100% used [0x00000000eab00000,0x00000000ec080000,0x00000000ec080000)
  from space 2048K, 99% used [0x00000000ec580000,0x00000000ec77ec70,0x00000000ec780000)
  to   space 4608K, 0% used [0x00000000ec080000,0x00000000ec080000,0x00000000ec500000)
 ParOldGen       total 68608K, used 18656K [0x00000000c0000000, 0x00000000c4300000, 0x00000000eab00000)
  object space 68608K, 27% used [0x00000000c0000000,0x00000000c12382b0,0x00000000c4300000)
 Metaspace       used 33805K, committed 34688K, reserved 1114112K
  class space    used 3320K, committed 3712K, reserved 1048576K
}
Event: 13.189 GC heap after
{Heap after GC invocations=14 (full 1):
 PSYoungGen      total 24064K, used 1972K [0x00000000eab00000, 0x00000000ec680000, 0x0000000100000000)
  eden space 22016K, 0% used [0x00000000eab00000,0x00000000eab00000,0x00000000ec080000)
  from space 2048K, 96% used [0x00000000ec080000,0x00000000ec26d138,0x00000000ec280000)
  to   space 3072K, 0% used [0x00000000ec380000,0x00000000ec380000,0x00000000ec680000)
 ParOldGen       total 68608K, used 20640K [0x00000000c0000000, 0x00000000c4300000, 0x00000000eab00000)
  object space 68608K, 30% used [0x00000000c0000000,0x00000000c1428030,0x00000000c4300000)
 Metaspace       used 33805K, committed 34688K, reserved 1114112K
  class space    used 3320K, committed 3712K, reserved 1048576K
}
Event: 13.242 GC heap before
{Heap before GC invocations=15 (full 1):
 PSYoungGen      total 24064K, used 23988K [0x00000000eab00000, 0x00000000ec680000, 0x0000000100000000)
  eden space 22016K, 100% used [0x00000000eab00000,0x00000000ec080000,0x00000000ec080000)
  from space 2048K, 96% used [0x00000000ec080000,0x00000000ec26d138,0x00000000ec280000)
  to   space 3072K, 0% used [0x00000000ec380000,0x00000000ec380000,0x00000000ec680000)
 ParOldGen       total 68608K, used 20640K [0x00000000c0000000, 0x00000000c4300000, 0x00000000eab00000)
  object space 68608K, 30% used [0x00000000c0000000,0x00000000c1428030,0x00000000c4300000)
 Metaspace       used 33823K, committed 34688K, reserved 1114112K
  class space    used 3320K, committed 3712K, reserved 1048576K
}
Event: 13.244 GC heap after
{Heap after GC invocations=15 (full 1):
 PSYoungGen      total 23040K, used 999K [0x00000000eab00000, 0x00000000ec480000, 0x0000000100000000)
  eden space 22016K, 0% used [0x00000000eab00000,0x00000000eab00000,0x00000000ec080000)
  from space 1024K, 97% used [0x00000000ec380000,0x00000000ec479dd0,0x00000000ec480000)
  to   space 1536K, 0% used [0x00000000ec180000,0x00000000ec180000,0x00000000ec300000)
 ParOldGen       total 68608K, used 21721K [0x00000000c0000000, 0x00000000c4300000, 0x00000000eab00000)
  object space 68608K, 31% used [0x00000000c0000000,0x00000000c1536668,0x00000000c4300000)
 Metaspace       used 33823K, committed 34688K, reserved 1114112K
  class space    used 3320K, committed 3712K, reserved 1048576K
}
Event: 13.295 GC heap before
{Heap before GC invocations=16 (full 1):
 PSYoungGen      total 23040K, used 8429K [0x00000000eab00000, 0x00000000ec480000, 0x0000000100000000)
  eden space 22016K, 33% used [0x00000000eab00000,0x00000000eb2419a0,0x00000000ec080000)
  from space 1024K, 97% used [0x00000000ec380000,0x00000000ec479dd0,0x00000000ec480000)
  to   space 1536K, 0% used [0x00000000ec180000,0x00000000ec180000,0x00000000ec300000)
 ParOldGen       total 68608K, used 21721K [0x00000000c0000000, 0x00000000c4300000, 0x00000000eab00000)
  object space 68608K, 31% used [0x00000000c0000000,0x00000000c1536668,0x00000000c4300000)
 Metaspace       used 34976K, committed 35840K, reserved 1114112K
  class space    used 3428K, committed 3776K, reserved 1048576K
}
Event: 13.296 GC heap after
{Heap after GC invocations=16 (full 1):
 PSYoungGen      total 23552K, used 320K [0x00000000eab00000, 0x00000000ec400000, 0x0000000100000000)
  eden space 22016K, 0% used [0x00000000eab00000,0x00000000eab00000,0x00000000ec080000)
  from space 1536K, 20% used [0x00000000ec180000,0x00000000ec1d0000,0x00000000ec300000)
  to   space 1024K, 0% used [0x00000000ec300000,0x00000000ec300000,0x00000000ec400000)
 ParOldGen       total 68608K, used 21745K [0x00000000c0000000, 0x00000000c4300000, 0x00000000eab00000)
  object space 68608K, 31% used [0x00000000c0000000,0x00000000c153c668,0x00000000c4300000)
 Metaspace       used 34976K, committed 35840K, reserved 1114112K
  class space    used 3428K, committed 3776K, reserved 1048576K
}
Event: 13.296 GC heap before
{Heap before GC invocations=17 (full 2):
 PSYoungGen      total 23552K, used 320K [0x00000000eab00000, 0x00000000ec400000, 0x0000000100000000)
  eden space 22016K, 0% used [0x00000000eab00000,0x00000000eab00000,0x00000000ec080000)
  from space 1536K, 20% used [0x00000000ec180000,0x00000000ec1d0000,0x00000000ec300000)
  to   space 1024K, 0% used [0x00000000ec300000,0x00000000ec300000,0x00000000ec400000)
 ParOldGen       total 68608K, used 21745K [0x00000000c0000000, 0x00000000c4300000, 0x00000000eab00000)
  object space 68608K, 31% used [0x00000000c0000000,0x00000000c153c668,0x00000000c4300000)
 Metaspace       used 34976K, committed 35840K, reserved 1114112K
  class space    used 3428K, committed 3776K, reserved 1048576K
}
Event: 13.332 GC heap after
{Heap after GC invocations=17 (full 2):
 PSYoungGen      total 23552K, used 0K [0x00000000eab00000, 0x00000000ec400000, 0x0000000100000000)
  eden space 22016K, 0% used [0x00000000eab00000,0x00000000eab00000,0x00000000ec080000)
  from space 1536K, 0% used [0x00000000ec180000,0x00000000ec180000,0x00000000ec300000)
  to   space 1024K, 0% used [0x00000000ec300000,0x00000000ec300000,0x00000000ec400000)
 ParOldGen       total 68608K, used 20812K [0x00000000c0000000, 0x00000000c4300000, 0x00000000eab00000)
  object space 68608K, 30% used [0x00000000c0000000,0x00000000c14530b8,0x00000000c4300000)
 Metaspace       used 34976K, committed 35840K, reserved 1114112K
  class space    used 3428K, committed 3776K, reserved 1048576K
}
Event: 13.659 GC heap before
{Heap before GC invocations=18 (full 2):
 PSYoungGen      total 23552K, used 22016K [0x00000000eab00000, 0x00000000ec400000, 0x0000000100000000)
  eden space 22016K, 100% used [0x00000000eab00000,0x00000000ec080000,0x00000000ec080000)
  from space 1536K, 0% used [0x00000000ec180000,0x00000000ec180000,0x00000000ec300000)
  to   space 1024K, 0% used [0x00000000ec300000,0x00000000ec300000,0x00000000ec400000)
 ParOldGen       total 68608K, used 20812K [0x00000000c0000000, 0x00000000c4300000, 0x00000000eab00000)
  object space 68608K, 30% used [0x00000000c0000000,0x00000000c14530b8,0x00000000c4300000)
 Metaspace       used 35967K, committed 36800K, reserved 1114112K
  class space    used 3548K, committed 3904K, reserved 1048576K
}
Event: 13.660 GC heap after
{Heap after GC invocations=18 (full 2):
 PSYoungGen      total 22528K, used 416K [0x00000000eab00000, 0x00000000ec380000, 0x0000000100000000)
  eden space 22016K, 0% used [0x00000000eab00000,0x00000000eab00000,0x00000000ec080000)
  from space 512K, 81% used [0x00000000ec300000,0x00000000ec368000,0x00000000ec380000)
  to   space 512K, 0% used [0x00000000ec280000,0x00000000ec280000,0x00000000ec300000)
 ParOldGen       total 68608K, used 20820K [0x00000000c0000000, 0x00000000c4300000, 0x00000000eab00000)
  object space 68608K, 30% used [0x00000000c0000000,0x00000000c14550b8,0x00000000c4300000)
 Metaspace       used 35967K, committed 36800K, reserved 1114112K
  class space    used 3548K, committed 3904K, reserved 1048576K
}
Event: 17.858 GC heap before
{Heap before GC invocations=19 (full 2):
 PSYoungGen      total 22528K, used 22432K [0x00000000eab00000, 0x00000000ec380000, 0x0000000100000000)
  eden space 22016K, 100% used [0x00000000eab00000,0x00000000ec080000,0x00000000ec080000)
  from space 512K, 81% used [0x00000000ec300000,0x00000000ec368000,0x00000000ec380000)
  to   space 512K, 0% used [0x00000000ec280000,0x00000000ec280000,0x00000000ec300000)
 ParOldGen       total 68608K, used 20820K [0x00000000c0000000, 0x00000000c4300000, 0x00000000eab00000)
  object space 68608K, 30% used [0x00000000c0000000,0x00000000c14550b8,0x00000000c4300000)
 Metaspace       used 37871K, committed 38784K, reserved 1114112K
  class space    used 3717K, committed 4096K, reserved 1048576K
}
Event: 17.859 GC heap after
{Heap after GC invocations=19 (full 2):
 PSYoungGen      total 22528K, used 512K [0x00000000eab00000, 0x00000000ec380000, 0x0000000100000000)
  eden space 22016K, 0% used [0x00000000eab00000,0x00000000eab00000,0x00000000ec080000)
  from space 512K, 100% used [0x00000000ec280000,0x00000000ec300000,0x00000000ec300000)
  to   space 512K, 0% used [0x00000000ec300000,0x00000000ec300000,0x00000000ec380000)
 ParOldGen       total 68608K, used 21500K [0x00000000c0000000, 0x00000000c4300000, 0x00000000eab00000)
  object space 68608K, 31% used [0x00000000c0000000,0x00000000c14ff0e8,0x00000000c4300000)
 Metaspace       used 37871K, committed 38784K, reserved 1114112K
  class space    used 3717K, committed 4096K, reserved 1048576K
}

