# JRE version: OpenJDK Runtime Environment (8.0_432-b06) (build 1.8.0_432-b06)
# Java VM: OpenJDK 64-Bit Server VM (25.432-b06 mixed mode windows-amd64 compressed oops)
Heap:
 PSYoungGen      total 122880K, used 14840K [0x00000000e0000000, 0x00000000ed280000, 0x0000000100000000)
  eden space 110592K, 13% used [0x00000000e0000000,0x00000000e0e7e328,0x00000000e6c00000)
  from space 12288K, 0% used [0x00000000e6c00000,0x00000000e6c00000,0x00000000e7800000)
  to   space 11776K, 0% used [0x00000000ec700000,0x00000000ec700000,0x00000000ed280000)
 ParOldGen       total 89088K, used 14700K [0x00000000a0000000, 0x00000000a5700000, 0x00000000e0000000)
  object space 89088K, 16% used [0x00000000a0000000,0x00000000a0e5b068,0x00000000a5700000)
 Metaspace       used 35075K, capacity 36224K, committed 36480K, reserved 1081344K
  class space    used 4940K, capacity 5185K, committed 5248K, reserved 1048576K
GC Heap History (10 events):
Event: 4.228 GC heap before
{Heap before GC invocations=5 (full 1):
 PSYoungGen      total 75776K, used 7228K [0x00000000e0000000, 0x00000000e9400000, 0x0000000100000000)
  eden space 65024K, 0% used [0x00000000e0000000,0x00000000e0000000,0x00000000e3f80000)
  from space 10752K, 67% used [0x00000000e4a00000,0x00000000e510f050,0x00000000e5480000)
  to   space 10752K, 0% used [0x00000000e3f80000,0x00000000e3f80000,0x00000000e4a00000)
 ParOldGen       total 173568K, used 889K [0x00000000a0000000, 0x00000000aa980000, 0x00000000e0000000)
  object space 173568K, 0% used [0x00000000a0000000,0x00000000a00de760,0x00000000aa980000)
 Metaspace       used 20528K, capacity 21192K, committed 21296K, reserved 1067008K
  class space    used 2923K, capacity 3108K, committed 3200K, reserved 1048576K
Event: 4.252 GC heap after
Heap after GC invocations=5 (full 1):
 PSYoungGen      total 75776K, used 0K [0x00000000e0000000, 0x00000000e9400000, 0x0000000100000000)
  eden space 65024K, 0% used [0x00000000e0000000,0x00000000e0000000,0x00000000e3f80000)
  from space 10752K, 0% used [0x00000000e4a00000,0x00000000e4a00000,0x00000000e5480000)
  to   space 10752K, 0% used [0x00000000e3f80000,0x00000000e3f80000,0x00000000e4a00000)
 ParOldGen       total 89088K, used 7005K [0x00000000a0000000, 0x00000000a5700000, 0x00000000e0000000)
  object space 89088K, 7% used [0x00000000a0000000,0x00000000a06d7498,0x00000000a5700000)
 Metaspace       used 20528K, capacity 21192K, committed 21296K, reserved 1067008K
  class space    used 2923K, capacity 3108K, committed 3200K, reserved 1048576K
}
Event: 5.120 GC heap before
{Heap before GC invocations=6 (full 1):
 PSYoungGen      total 75776K, used 65024K [0x00000000e0000000, 0x00000000e9400000, 0x0000000100000000)
  eden space 65024K, 100% used [0x00000000e0000000,0x00000000e3f80000,0x00000000e3f80000)
  from space 10752K, 0% used [0x00000000e4a00000,0x00000000e4a00000,0x00000000e5480000)
  to   space 10752K, 0% used [0x00000000e3f80000,0x00000000e3f80000,0x00000000e4a00000)
 ParOldGen       total 89088K, used 7005K [0x00000000a0000000, 0x00000000a5700000, 0x00000000e0000000)
  object space 89088K, 7% used [0x00000000a0000000,0x00000000a06d7498,0x00000000a5700000)
 Metaspace       used 27972K, capacity 28754K, committed 29056K, reserved 1075200K
  class space    used 3924K, capacity 4159K, committed 4224K, reserved 1048576K
Event: 5.124 GC heap after
Heap after GC invocations=6 (full 1):
 PSYoungGen      total 75776K, used 7959K [0x00000000e0000000, 0x00000000e8500000, 0x0000000100000000)
  eden space 65024K, 0% used [0x00000000e0000000,0x00000000e0000000,0x00000000e3f80000)
  from space 10752K, 74% used [0x00000000e3f80000,0x00000000e4745f60,0x00000000e4a00000)
  to   space 12288K, 0% used [0x00000000e7900000,0x00000000e7900000,0x00000000e8500000)
 ParOldGen       total 89088K, used 7013K [0x00000000a0000000, 0x00000000a5700000, 0x00000000e0000000)
  object space 89088K, 7% used [0x00000000a0000000,0x00000000a06d9498,0x00000000a5700000)
 Metaspace       used 27972K, capacity 28754K, committed 29056K, reserved 1075200K
  class space    used 3924K, capacity 4159K, committed 4224K, reserved 1048576K
}
Event: 5.771 GC heap before
{Heap before GC invocations=7 (full 1):
 PSYoungGen      total 75776K, used 72983K [0x00000000e0000000, 0x00000000e8500000, 0x0000000100000000)
  eden space 65024K, 100% used [0x00000000e0000000,0x00000000e3f80000,0x00000000e3f80000)
  from space 10752K, 74% used [0x00000000e3f80000,0x00000000e4745f60,0x00000000e4a00000)
  to   space 12288K, 0% used [0x00000000e7900000,0x00000000e7900000,0x00000000e8500000)
 ParOldGen       total 89088K, used 7013K [0x00000000a0000000, 0x00000000a5700000, 0x00000000e0000000)
  object space 89088K, 7% used [0x00000000a0000000,0x00000000a06d9498,0x00000000a5700000)
 Metaspace       used 32769K, capacity 33796K, committed 34048K, reserved 1079296K
  class space    used 4570K, capacity 4814K, committed 4864K, reserved 1048576K
Event: 5.777 GC heap after
Heap after GC invocations=7 (full 1):
 PSYoungGen      total 121856K, used 9457K [0x00000000e0000000, 0x00000000e8400000, 0x0000000100000000)
  eden space 110592K, 0% used [0x00000000e0000000,0x00000000e0000000,0x00000000e6c00000)
  from space 11264K, 83% used [0x00000000e7900000,0x00000000e823c580,0x00000000e8400000)
  to   space 12288K, 0% used [0x00000000e6c00000,0x00000000e6c00000,0x00000000e7800000)
 ParOldGen       total 89088K, used 7021K [0x00000000a0000000, 0x00000000a5700000, 0x00000000e0000000)
  object space 89088K, 7% used [0x00000000a0000000,0x00000000a06db498,0x00000000a5700000)
 Metaspace       used 32769K, capacity 33796K, committed 34048K, reserved 1079296K
  class space    used 4570K, capacity 4814K, committed 4864K, reserved 1048576K
}
Event: 6.013 GC heap before
{Heap before GC invocations=8 (full 1):
 PSYoungGen      total 121856K, used 48768K [0x00000000e0000000, 0x00000000e8400000, 0x0000000100000000)
  eden space 110592K, 35% used [0x00000000e0000000,0x00000000e2663de8,0x00000000e6c00000)
  from space 11264K, 83% used [0x00000000e7900000,0x00000000e823c580,0x00000000e8400000)
  to   space 12288K, 0% used [0x00000000e6c00000,0x00000000e6c00000,0x00000000e7800000)
 ParOldGen       total 89088K, used 7021K [0x00000000a0000000, 0x00000000a5700000, 0x00000000e0000000)
  object space 89088K, 7% used [0x00000000a0000000,0x00000000a06db498,0x00000000a5700000)
 Metaspace       used 34392K, capacity 35444K, committed 35496K, reserved 1079296K
  class space    used 4845K, capacity 5097K, committed 5120K, reserved 1048576K
Event: 6.018 GC heap after
Heap after GC invocations=8 (full 1):
 PSYoungGen      total 122880K, used 8421K [0x00000000e0000000, 0x00000000ed280000, 0x0000000100000000)
  eden space 110592K, 0% used [0x00000000e0000000,0x00000000e0000000,0x00000000e6c00000)
  from space 12288K, 68% used [0x00000000e6c00000,0x00000000e7439680,0x00000000e7800000)
  to   space 11776K, 0% used [0x00000000ec700000,0x00000000ec700000,0x00000000ed280000)
 ParOldGen       total 89088K, used 7029K [0x00000000a0000000, 0x00000000a5700000, 0x00000000e0000000)
  object space 89088K, 7% used [0x00000000a0000000,0x00000000a06dd498,0x00000000a5700000)
 Metaspace       used 34392K, capacity 35444K, committed 35496K, reserved 1079296K
  class space    used 4845K, capacity 5097K, committed 5120K, reserved 1048576K
}
Event: 6.018 GC heap before
{Heap before GC invocations=9 (full 2):
 PSYoungGen      total 122880K, used 8421K [0x00000000e0000000, 0x00000000ed280000, 0x0000000100000000)
  eden space 110592K, 0% used [0x00000000e0000000,0x00000000e0000000,0x00000000e6c00000)
  from space 12288K, 68% used [0x00000000e6c00000,0x00000000e7439680,0x00000000e7800000)
  to   space 11776K, 0% used [0x00000000ec700000,0x00000000ec700000,0x00000000ed280000)
 ParOldGen       total 89088K, used 7029K [0x00000000a0000000, 0x00000000a5700000, 0x00000000e0000000)
  object space 89088K, 7% used [0x00000000a0000000,0x00000000a06dd498,0x00000000a5700000)
 Metaspace       used 34392K, capacity 35444K, committed 35496K, reserved 1079296K
  class space    used 4845K, capacity 5097K, committed 5120K, reserved 1048576K
Event: 10.090 GC heap after
Heap after GC invocations=9 (full 2):
 PSYoungGen      total 122880K, used 0K [0x00000000e0000000, 0x00000000ed280000, 0x0000000100000000)
  eden space 110592K, 0% used [0x00000000e0000000,0x00000000e0000000,0x00000000e6c00000)
  from space 12288K, 0% used [0x00000000e6c00000,0x00000000e6c00000,0x00000000e7800000)
  to   space 11776K, 0% used [0x00000000ec700000,0x00000000ec700000,0x00000000ed280000)
 ParOldGen       total 89088K, used 14700K [0x00000000a0000000, 0x00000000a5700000, 0x00000000e0000000)
  object space 89088K, 16% used [0x00000000a0000000,0x00000000a0e5b068,0x00000000a5700000)
 Metaspace       used 34392K, capacity 35444K, committed 35496K, reserved 1079296K
  class space    used 4845K, capacity 5097K, committed 5120K, reserved 1048576K
}

